This file contains any messages produced by compilers while
running configure, to aid debugging if configure makes a mistake.

It was created by nutcracker configure 0.4.1, which was
generated by GNU Autoconf 2.69.  Invocation command line was

  $ ./configure 

## --------- ##
## Platform. ##
## --------- ##

hostname = master
uname -m = x86_64
uname -r = 3.10.0-514.el7.x86_64
uname -s = Linux
uname -v = #1 SMP Tue Nov 22 16:42:41 UTC 2016

/usr/bin/uname -p = x86_64
/bin/uname -X     = unknown

/bin/arch              = x86_64
/usr/bin/arch -k       = unknown
/usr/convex/getsysinfo = unknown
/usr/bin/hostinfo      = unknown
/bin/machine           = unknown
/usr/bin/oslevel       = unknown
/bin/universe          = unknown

PATH: /usr/local/jdk1.8.0_77/bin
PATH: /usr/local/sbin
PATH: /usr/local/bin
PATH: /usr/sbin
PATH: /usr/bin
PATH: /usr/local/apache-maven-3.5.0/bin
PATH: /root/bin


## ----------- ##
## Core tests. ##
## ----------- ##

configure:2591: checking for a BSD-compatible install
configure:2659: result: /usr/bin/install -c
configure:2670: checking whether build environment is sane
configure:2725: result: yes
configure:2876: checking for a thread-safe mkdir -p
configure:2915: result: /usr/bin/mkdir -p
configure:2922: checking for gawk
configure:2938: found /usr/bin/gawk
configure:2949: result: gawk
configure:2960: checking whether make sets $(MAKE)
configure:2982: result: yes
configure:3011: checking whether make supports nested variables
configure:3028: result: yes
configure:3140: checking for gawk
configure:3167: result: gawk
configure:3226: checking for gcc
configure:3242: found /usr/bin/gcc
configure:3253: result: gcc
configure:3482: checking for C compiler version
configure:3491: gcc --version >&5
gcc (GCC) 4.8.5 20150623 (Red Hat 4.8.5-11)
Copyright (C) 2015 Free Software Foundation, Inc.
This is free software; see the source for copying conditions.  There is NO
warranty; not even for MERCHANTABILITY or FITNESS FOR A PARTICULAR PURPOSE.

configure:3502: $? = 0
configure:3491: gcc -v >&5
Using built-in specs.
COLLECT_GCC=gcc
COLLECT_LTO_WRAPPER=/usr/libexec/gcc/x86_64-redhat-linux/4.8.5/lto-wrapper
Target: x86_64-redhat-linux
Configured with: ../configure --prefix=/usr --mandir=/usr/share/man --infodir=/usr/share/info --with-bugurl=http://bugzilla.redhat.com/bugzilla --enable-bootstrap --enable-shared --enable-threads=posix --enable-checking=release --with-system-zlib --enable-__cxa_atexit --disable-libunwind-exceptions --enable-gnu-unique-object --enable-linker-build-id --with-linker-hash-style=gnu --enable-languages=c,c++,objc,obj-c++,java,fortran,ada,go,lto --enable-plugin --enable-initfini-array --disable-libgcj --with-isl=/builddir/build/BUILD/gcc-4.8.5-20150702/obj-x86_64-redhat-linux/isl-install --with-cloog=/builddir/build/BUILD/gcc-4.8.5-20150702/obj-x86_64-redhat-linux/cloog-install --enable-gnu-indirect-function --with-tune=generic --with-arch_32=x86-64 --build=x86_64-redhat-linux
Thread model: posix
gcc version 4.8.5 20150623 (Red Hat 4.8.5-11) (GCC) 
configure:3502: $? = 0
configure:3491: gcc -V >&5
gcc: error: unrecognized command line option '-V'
gcc: fatal error: no input files
compilation terminated.
configure:3502: $? = 4
configure:3491: gcc -qversion >&5
gcc: error: unrecognized command line option '-qversion'
gcc: fatal error: no input files
compilation terminated.
configure:3502: $? = 4
configure:3522: checking whether the C compiler works
configure:3544: gcc    conftest.c  >&5
configure:3548: $? = 0
configure:3596: result: yes
configure:3599: checking for C compiler default output file name
configure:3601: result: a.out
configure:3607: checking for suffix of executables
configure:3614: gcc -o conftest    conftest.c  >&5
configure:3618: $? = 0
configure:3640: result: 
configure:3662: checking whether we are cross compiling
configure:3670: gcc -o conftest    conftest.c  >&5
configure:3674: $? = 0
configure:3681: ./conftest
configure:3685: $? = 0
configure:3700: result: no
configure:3705: checking for suffix of object files
configure:3727: gcc -c   conftest.c >&5
configure:3731: $? = 0
configure:3752: result: o
configure:3756: checking whether we are using the GNU C compiler
configure:3775: gcc -c   conftest.c >&5
configure:3775: $? = 0
configure:3784: result: yes
configure:3793: checking whether gcc accepts -g
configure:3813: gcc -c -g  conftest.c >&5
configure:3813: $? = 0
configure:3854: result: yes
configure:3871: checking for gcc option to accept ISO C89
configure:3934: gcc  -c -g -O2  conftest.c >&5
configure:3934: $? = 0
configure:3947: result: none needed
configure:3978: checking for style of include used by make
configure:4006: result: GNU
configure:4032: checking dependency style of gcc
configure:4143: result: gcc3
configure:4163: checking how to run the C preprocessor
configure:4194: gcc -E  conftest.c
configure:4194: $? = 0
configure:4208: gcc -E  conftest.c
conftest.c:15:28: fatal error: ac_nonexistent.h: No such file or directory
 #include <ac_nonexistent.h>
                            ^
compilation terminated.
configure:4208: $? = 1
configure: failed program was:
| /* confdefs.h */
| #define PACKAGE_NAME "nutcracker"
| #define PACKAGE_TARNAME "nutcracker"
| #define PACKAGE_VERSION "0.4.1"
| #define PACKAGE_STRING "nutcracker 0.4.1"
| #define PACKAGE_BUGREPORT "manj@cs.stanford.edu"
| #define PACKAGE_URL ""
| #define PACKAGE "nutcracker"
| #define VERSION "0.4.1"
| #define NC_VERSION_MAJOR 0
| #define NC_VERSION_MINOR 4
| #define NC_VERSION_PATCH 1
| #define NC_VERSION_STRING "0.4.1"
| /* end confdefs.h.  */
| #include <ac_nonexistent.h>
configure:4233: result: gcc -E
configure:4253: gcc -E  conftest.c
configure:4253: $? = 0
configure:4267: gcc -E  conftest.c
conftest.c:15:28: fatal error: ac_nonexistent.h: No such file or directory
 #include <ac_nonexistent.h>
                            ^
compilation terminated.
configure:4267: $? = 1
configure: failed program was:
| /* confdefs.h */
| #define PACKAGE_NAME "nutcracker"
| #define PACKAGE_TARNAME "nutcracker"
| #define PACKAGE_VERSION "0.4.1"
| #define PACKAGE_STRING "nutcracker 0.4.1"
| #define PACKAGE_BUGREPORT "manj@cs.stanford.edu"
| #define PACKAGE_URL ""
| #define PACKAGE "nutcracker"
| #define VERSION "0.4.1"
| #define NC_VERSION_MAJOR 0
| #define NC_VERSION_MINOR 4
| #define NC_VERSION_PATCH 1
| #define NC_VERSION_STRING "0.4.1"
| /* end confdefs.h.  */
| #include <ac_nonexistent.h>
configure:4353: checking for g++
configure:4369: found /usr/bin/g++
configure:4380: result: g++
configure:4407: checking for C++ compiler version
configure:4416: g++ --version >&5
g++ (GCC) 4.8.5 20150623 (Red Hat 4.8.5-11)
Copyright (C) 2015 Free Software Foundation, Inc.
This is free software; see the source for copying conditions.  There is NO
warranty; not even for MERCHANTABILITY or FITNESS FOR A PARTICULAR PURPOSE.

configure:4427: $? = 0
configure:4416: g++ -v >&5
Using built-in specs.
COLLECT_GCC=g++
COLLECT_LTO_WRAPPER=/usr/libexec/gcc/x86_64-redhat-linux/4.8.5/lto-wrapper
Target: x86_64-redhat-linux
Configured with: ../configure --prefix=/usr --mandir=/usr/share/man --infodir=/usr/share/info --with-bugurl=http://bugzilla.redhat.com/bugzilla --enable-bootstrap --enable-shared --enable-threads=posix --enable-checking=release --with-system-zlib --enable-__cxa_atexit --disable-libunwind-exceptions --enable-gnu-unique-object --enable-linker-build-id --with-linker-hash-style=gnu --enable-languages=c,c++,objc,obj-c++,java,fortran,ada,go,lto --enable-plugin --enable-initfini-array --disable-libgcj --with-isl=/builddir/build/BUILD/gcc-4.8.5-20150702/obj-x86_64-redhat-linux/isl-install --with-cloog=/builddir/build/BUILD/gcc-4.8.5-20150702/obj-x86_64-redhat-linux/cloog-install --enable-gnu-indirect-function --with-tune=generic --with-arch_32=x86-64 --build=x86_64-redhat-linux
Thread model: posix
gcc version 4.8.5 20150623 (Red Hat 4.8.5-11) (GCC) 
configure:4427: $? = 0
configure:4416: g++ -V >&5
g++: error: unrecognized command line option '-V'
g++: fatal error: no input files
compilation terminated.
configure:4427: $? = 4
configure:4416: g++ -qversion >&5
g++: error: unrecognized command line option '-qversion'
g++: fatal error: no input files
compilation terminated.
configure:4427: $? = 4
configure:4431: checking whether we are using the GNU C++ compiler
configure:4450: g++ -c   conftest.cpp >&5
configure:4450: $? = 0
configure:4459: result: yes
configure:4468: checking whether g++ accepts -g
configure:4488: g++ -c -g  conftest.cpp >&5
configure:4488: $? = 0
configure:4529: result: yes
configure:4554: checking dependency style of g++
configure:4665: result: gcc3
configure:4681: checking whether ln -s works
configure:4685: result: yes
configure:4692: checking whether make sets $(MAKE)
configure:4714: result: yes
configure:4766: checking for ranlib
configure:4782: found /usr/bin/ranlib
configure:4793: result: ranlib
configure:4844: checking build system type
configure:4858: result: x86_64-unknown-linux-gnu
configure:4878: checking host system type
configure:4891: result: x86_64-unknown-linux-gnu
configure:4932: checking how to print strings
configure:4959: result: printf
configure:4980: checking for a sed that does not truncate output
configure:5044: result: /usr/bin/sed
configure:5062: checking for grep that handles long lines and -e
configure:5120: result: /usr/bin/grep
configure:5125: checking for egrep
configure:5187: result: /usr/bin/grep -E
configure:5192: checking for fgrep
configure:5254: result: /usr/bin/grep -F
configure:5289: checking for ld used by gcc
configure:5356: result: /usr/bin/ld
configure:5363: checking if the linker (/usr/bin/ld) is GNU ld
configure:5378: result: yes
configure:5390: checking for BSD- or MS-compatible name lister (nm)
configure:5439: result: /usr/bin/nm -B
configure:5569: checking the name lister (/usr/bin/nm -B) interface
configure:5576: gcc -c -g -O2  conftest.c >&5
configure:5579: /usr/bin/nm -B "conftest.o"
configure:5582: output
0000000000000000 B some_variable
configure:5589: result: BSD nm
configure:5593: checking the maximum length of command line arguments
configure:5723: result: 1572864
configure:5740: checking whether the shell understands some XSI constructs
configure:5750: result: yes
configure:5754: checking whether the shell understands "+="
configure:5760: result: yes
configure:5795: checking how to convert x86_64-unknown-linux-gnu file names to x86_64-unknown-linux-gnu format
configure:5835: result: func_convert_file_noop
configure:5842: checking how to convert x86_64-unknown-linux-gnu file names to toolchain format
configure:5862: result: func_convert_file_noop
configure:5869: checking for /usr/bin/ld option to reload object files
configure:5876: result: -r
configure:5950: checking for objdump
configure:5966: found /usr/bin/objdump
configure:5977: result: objdump
configure:6009: checking how to recognize dependent libraries
configure:6211: result: pass_all
configure:6296: checking for dlltool
configure:6326: result: no
configure:6356: checking how to associate runtime and link libraries
configure:6383: result: printf %s\n
configure:6444: checking for ar
configure:6460: found /usr/bin/ar
configure:6471: result: ar
configure:6508: checking for archiver @FILE support
configure:6525: gcc -c -g -O2  conftest.c >&5
configure:6525: $? = 0
configure:6528: ar cru libconftest.a @conftest.lst >&5
configure:6531: $? = 0
configure:6536: ar cru libconftest.a @conftest.lst >&5
ar: conftest.o: No such file or directory
configure:6539: $? = 1
configure:6551: result: @
configure:6609: checking for strip
configure:6625: found /usr/bin/strip
configure:6636: result: strip
configure:6708: checking for ranlib
configure:6735: result: ranlib
configure:6837: checking command to parse /usr/bin/nm -B output from gcc object
configure:6957: gcc -c -g -O2  conftest.c >&5
configure:6960: $? = 0
configure:6964: /usr/bin/nm -B conftest.o \| sed -n -e 's/^.*[ ]\([ABCDGIRSTW][ABCDGIRSTW]*\)[ ][ ]*\([_A-Za-z][_A-Za-z0-9]*\)$/\1 \2 \2/p' | sed '/ __gnu_lto/d' \> conftest.nm
configure:6967: $? = 0
configure:7033: gcc -o conftest -g -O2   conftest.c conftstm.o >&5
configure:7036: $? = 0
configure:7074: result: ok
configure:7111: checking for sysroot
configure:7141: result: no
configure:7218: gcc -c -g -O2  conftest.c >&5
configure:7221: $? = 0
configure:7397: checking for mt
configure:7427: result: no
configure:7447: checking if : is a manifest tool
configure:7453: : '-?'
configure:7461: result: no
configure:8099: checking for ANSI C header files
configure:8119: gcc -c -g -O2  conftest.c >&5
configure:8119: $? = 0
configure:8192: gcc -o conftest -g -O2   conftest.c  >&5
configure:8192: $? = 0
configure:8192: ./conftest
configure:8192: $? = 0
configure:8203: result: yes
configure:8216: checking for sys/types.h
configure:8216: gcc -c -g -O2  conftest.c >&5
configure:8216: $? = 0
configure:8216: result: yes
configure:8216: checking for sys/stat.h
configure:8216: gcc -c -g -O2  conftest.c >&5
configure:8216: $? = 0
configure:8216: result: yes
configure:8216: checking for stdlib.h
configure:8216: gcc -c -g -O2  conftest.c >&5
configure:8216: $? = 0
configure:8216: result: yes
configure:8216: checking for string.h
configure:8216: gcc -c -g -O2  conftest.c >&5
configure:8216: $? = 0
configure:8216: result: yes
configure:8216: checking for memory.h
configure:8216: gcc -c -g -O2  conftest.c >&5
configure:8216: $? = 0
configure:8216: result: yes
configure:8216: checking for strings.h
configure:8216: gcc -c -g -O2  conftest.c >&5
configure:8216: $? = 0
configure:8216: result: yes
configure:8216: checking for inttypes.h
configure:8216: gcc -c -g -O2  conftest.c >&5
configure:8216: $? = 0
configure:8216: result: yes
configure:8216: checking for stdint.h
configure:8216: gcc -c -g -O2  conftest.c >&5
configure:8216: $? = 0
configure:8216: result: yes
configure:8216: checking for unistd.h
configure:8216: gcc -c -g -O2  conftest.c >&5
configure:8216: $? = 0
configure:8216: result: yes
configure:8230: checking for dlfcn.h
configure:8230: gcc -c -g -O2  conftest.c >&5
configure:8230: $? = 0
configure:8230: result: yes
configure:8447: checking for objdir
configure:8462: result: .libs
configure:8733: checking if gcc supports -fno-rtti -fno-exceptions
configure:8751: gcc -c -g -O2  -fno-rtti -fno-exceptions conftest.c >&5
cc1: warning: command line option '-fno-rtti' is valid for C++/ObjC++ but not for C [enabled by default]
configure:8755: $? = 0
configure:8768: result: no
configure:9095: checking for gcc option to produce PIC
configure:9102: result: -fPIC -DPIC
configure:9110: checking if gcc PIC flag -fPIC -DPIC works
configure:9128: gcc -c -g -O2  -fPIC -DPIC -DPIC conftest.c >&5
configure:9132: $? = 0
configure:9145: result: yes
configure:9174: checking if gcc static flag -static works
configure:9202: result: yes
configure:9217: checking if gcc supports -c -o file.o
configure:9238: gcc -c -g -O2  -o out/conftest2.o conftest.c >&5
configure:9242: $? = 0
configure:9264: result: yes
configure:9272: checking if gcc supports -c -o file.o
configure:9319: result: yes
configure:9352: checking whether the gcc linker (/usr/bin/ld -m elf_x86_64) supports shared libraries
configure:10505: result: yes
configure:10542: checking whether -lc should be explicitly linked in
configure:10550: gcc -c -g -O2  conftest.c >&5
configure:10553: $? = 0
configure:10568: gcc -shared  -fPIC -DPIC conftest.o  -v -Wl,-soname -Wl,conftest -o conftest 2\>\&1 \| /usr/bin/grep  -lc  \>/dev/null 2\>\&1
configure:10571: $? = 0
configure:10585: result: no
configure:10745: checking dynamic linker characteristics
configure:11256: gcc -o conftest -g -O2   -Wl,-rpath -Wl,/foo conftest.c  >&5
configure:11256: $? = 0
configure:11482: result: GNU/Linux ld.so
configure:11589: checking how to hardcode library paths into programs
configure:11614: result: immediate
configure:12154: checking whether stripping libraries is possible
configure:12159: result: yes
configure:12194: checking if libtool supports shared libraries
configure:12196: result: yes
configure:12199: checking whether to build shared libraries
configure:12220: result: yes
configure:12223: checking whether to build static libraries
configure:12227: result: yes
configure:12250: checking how to run the C++ preprocessor
configure:12277: g++ -E  conftest.cpp
configure:12277: $? = 0
configure:12291: g++ -E  conftest.cpp
conftest.cpp:27:28: fatal error: ac_nonexistent.h: No such file or directory
 #include <ac_nonexistent.h>
                            ^
compilation terminated.
configure:12291: $? = 1
configure: failed program was:
| /* confdefs.h */
| #define PACKAGE_NAME "nutcracker"
| #define PACKAGE_TARNAME "nutcracker"
| #define PACKAGE_VERSION "0.4.1"
| #define PACKAGE_STRING "nutcracker 0.4.1"
| #define PACKAGE_BUGREPORT "manj@cs.stanford.edu"
| #define PACKAGE_URL ""
| #define PACKAGE "nutcracker"
| #define VERSION "0.4.1"
| #define NC_VERSION_MAJOR 0
| #define NC_VERSION_MINOR 4
| #define NC_VERSION_PATCH 1
| #define NC_VERSION_STRING "0.4.1"
| #define STDC_HEADERS 1
| #define HAVE_SYS_TYPES_H 1
| #define HAVE_SYS_STAT_H 1
| #define HAVE_STDLIB_H 1
| #define HAVE_STRING_H 1
| #define HAVE_MEMORY_H 1
| #define HAVE_STRINGS_H 1
| #define HAVE_INTTYPES_H 1
| #define HAVE_STDINT_H 1
| #define HAVE_UNISTD_H 1
| #define HAVE_DLFCN_H 1
| #define LT_OBJDIR ".libs/"
| /* end confdefs.h.  */
| #include <ac_nonexistent.h>
configure:12316: result: g++ -E
configure:12336: g++ -E  conftest.cpp
configure:12336: $? = 0
configure:12350: g++ -E  conftest.cpp
conftest.cpp:27:28: fatal error: ac_nonexistent.h: No such file or directory
 #include <ac_nonexistent.h>
                            ^
compilation terminated.
configure:12350: $? = 1
configure: failed program was:
| /* confdefs.h */
| #define PACKAGE_NAME "nutcracker"
| #define PACKAGE_TARNAME "nutcracker"
| #define PACKAGE_VERSION "0.4.1"
| #define PACKAGE_STRING "nutcracker 0.4.1"
| #define PACKAGE_BUGREPORT "manj@cs.stanford.edu"
| #define PACKAGE_URL ""
| #define PACKAGE "nutcracker"
| #define VERSION "0.4.1"
| #define NC_VERSION_MAJOR 0
| #define NC_VERSION_MINOR 4
| #define NC_VERSION_PATCH 1
| #define NC_VERSION_STRING "0.4.1"
| #define STDC_HEADERS 1
| #define HAVE_SYS_TYPES_H 1
| #define HAVE_SYS_STAT_H 1
| #define HAVE_STDLIB_H 1
| #define HAVE_STRING_H 1
| #define HAVE_MEMORY_H 1
| #define HAVE_STRINGS_H 1
| #define HAVE_INTTYPES_H 1
| #define HAVE_STDINT_H 1
| #define HAVE_UNISTD_H 1
| #define HAVE_DLFCN_H 1
| #define LT_OBJDIR ".libs/"
| /* end confdefs.h.  */
| #include <ac_nonexistent.h>
configure:12519: checking for ld used by g++
configure:12586: result: /usr/bin/ld -m elf_x86_64
configure:12593: checking if the linker (/usr/bin/ld -m elf_x86_64) is GNU ld
configure:12608: result: yes
configure:12663: checking whether the g++ linker (/usr/bin/ld -m elf_x86_64) supports shared libraries
configure:13668: result: yes
configure:13704: g++ -c -g -O2  conftest.cpp >&5
configure:13707: $? = 0
configure:14227: checking for g++ option to produce PIC
configure:14234: result: -fPIC -DPIC
configure:14242: checking if g++ PIC flag -fPIC -DPIC works
configure:14260: g++ -c -g -O2  -fPIC -DPIC -DPIC conftest.cpp >&5
configure:14264: $? = 0
configure:14277: result: yes
configure:14300: checking if g++ static flag -static works
configure:14328: result: no
configure:14340: checking if g++ supports -c -o file.o
configure:14361: g++ -c -g -O2  -o out/conftest2.o conftest.cpp >&5
configure:14365: $? = 0
configure:14387: result: yes
configure:14392: checking if g++ supports -c -o file.o
configure:14439: result: yes
configure:14469: checking whether the g++ linker (/usr/bin/ld -m elf_x86_64) supports shared libraries
configure:14505: result: yes
configure:14646: checking dynamic linker characteristics
configure:15317: result: GNU/Linux ld.so
configure:15370: checking how to hardcode library paths into programs
configure:15395: result: immediate
configure:15458: checking for inline
configure:15474: gcc -c -g -O2  conftest.c >&5
configure:15474: $? = 0
configure:15482: result: inline
configure:15500: checking for int8_t
configure:15500: gcc -c -g -O2  conftest.c >&5
configure:15500: $? = 0
configure:15500: gcc -c -g -O2  conftest.c >&5
conftest.c: In function 'main':
conftest.c:64:12: error: size of array 'test_array' is negative
 static int test_array [1 - 2 * !((int8_t) (((((int8_t) 1 << N) << N) - 1) * 2 + 1)
            ^
configure:15500: $? = 1
configure: failed program was:
| /* confdefs.h */
| #define PACKAGE_NAME "nutcracker"
| #define PACKAGE_TARNAME "nutcracker"
| #define PACKAGE_VERSION "0.4.1"
| #define PACKAGE_STRING "nutcracker 0.4.1"
| #define PACKAGE_BUGREPORT "manj@cs.stanford.edu"
| #define PACKAGE_URL ""
| #define PACKAGE "nutcracker"
| #define VERSION "0.4.1"
| #define NC_VERSION_MAJOR 0
| #define NC_VERSION_MINOR 4
| #define NC_VERSION_PATCH 1
| #define NC_VERSION_STRING "0.4.1"
| #define STDC_HEADERS 1
| #define HAVE_SYS_TYPES_H 1
| #define HAVE_SYS_STAT_H 1
| #define HAVE_STDLIB_H 1
| #define HAVE_STRING_H 1
| #define HAVE_MEMORY_H 1
| #define HAVE_STRINGS_H 1
| #define HAVE_INTTYPES_H 1
| #define HAVE_STDINT_H 1
| #define HAVE_UNISTD_H 1
| #define HAVE_DLFCN_H 1
| #define LT_OBJDIR ".libs/"
| /* end confdefs.h.  */
| #include <stdio.h>
| #ifdef HAVE_SYS_TYPES_H
| # include <sys/types.h>
| #endif
| #ifdef HAVE_SYS_STAT_H
| # include <sys/stat.h>
| #endif
| #ifdef STDC_HEADERS
| # include <stdlib.h>
| # include <stddef.h>
| #else
| # ifdef HAVE_STDLIB_H
| #  include <stdlib.h>
| # endif
| #endif
| #ifdef HAVE_STRING_H
| # if !defined STDC_HEADERS && defined HAVE_MEMORY_H
| #  include <memory.h>
| # endif
| # include <string.h>
| #endif
| #ifdef HAVE_STRINGS_H
| # include <strings.h>
| #endif
| #ifdef HAVE_INTTYPES_H
| # include <inttypes.h>
| #endif
| #ifdef HAVE_STDINT_H
| # include <stdint.h>
| #endif
| #ifdef HAVE_UNISTD_H
| # include <unistd.h>
| #endif
| 	        enum { N = 8 / 2 - 1 };
| int
| main ()
| {
| static int test_array [1 - 2 * !((int8_t) (((((int8_t) 1 << N) << N) - 1) * 2 + 1)
| 		 < (int8_t) (((((int8_t) 1 << N) << N) - 1) * 2 + 2))];
| test_array [0] = 0;
| return test_array [0];
| 
|   ;
|   return 0;
| }
configure:15500: result: yes
configure:15511: checking for int16_t
configure:15511: gcc -c -g -O2  conftest.c >&5
configure:15511: $? = 0
configure:15511: gcc -c -g -O2  conftest.c >&5
conftest.c: In function 'main':
conftest.c:64:12: error: size of array 'test_array' is negative
 static int test_array [1 - 2 * !((int16_t) (((((int16_t) 1 << N) << N) - 1) * 2 + 1)
            ^
configure:15511: $? = 1
configure: failed program was:
| /* confdefs.h */
| #define PACKAGE_NAME "nutcracker"
| #define PACKAGE_TARNAME "nutcracker"
| #define PACKAGE_VERSION "0.4.1"
| #define PACKAGE_STRING "nutcracker 0.4.1"
| #define PACKAGE_BUGREPORT "manj@cs.stanford.edu"
| #define PACKAGE_URL ""
| #define PACKAGE "nutcracker"
| #define VERSION "0.4.1"
| #define NC_VERSION_MAJOR 0
| #define NC_VERSION_MINOR 4
| #define NC_VERSION_PATCH 1
| #define NC_VERSION_STRING "0.4.1"
| #define STDC_HEADERS 1
| #define HAVE_SYS_TYPES_H 1
| #define HAVE_SYS_STAT_H 1
| #define HAVE_STDLIB_H 1
| #define HAVE_STRING_H 1
| #define HAVE_MEMORY_H 1
| #define HAVE_STRINGS_H 1
| #define HAVE_INTTYPES_H 1
| #define HAVE_STDINT_H 1
| #define HAVE_UNISTD_H 1
| #define HAVE_DLFCN_H 1
| #define LT_OBJDIR ".libs/"
| /* end confdefs.h.  */
| #include <stdio.h>
| #ifdef HAVE_SYS_TYPES_H
| # include <sys/types.h>
| #endif
| #ifdef HAVE_SYS_STAT_H
| # include <sys/stat.h>
| #endif
| #ifdef STDC_HEADERS
| # include <stdlib.h>
| # include <stddef.h>
| #else
| # ifdef HAVE_STDLIB_H
| #  include <stdlib.h>
| # endif
| #endif
| #ifdef HAVE_STRING_H
| # if !defined STDC_HEADERS && defined HAVE_MEMORY_H
| #  include <memory.h>
| # endif
| # include <string.h>
| #endif
| #ifdef HAVE_STRINGS_H
| # include <strings.h>
| #endif
| #ifdef HAVE_INTTYPES_H
| # include <inttypes.h>
| #endif
| #ifdef HAVE_STDINT_H
| # include <stdint.h>
| #endif
| #ifdef HAVE_UNISTD_H
| # include <unistd.h>
| #endif
| 	        enum { N = 16 / 2 - 1 };
| int
| main ()
| {
| static int test_array [1 - 2 * !((int16_t) (((((int16_t) 1 << N) << N) - 1) * 2 + 1)
| 		 < (int16_t) (((((int16_t) 1 << N) << N) - 1) * 2 + 2))];
| test_array [0] = 0;
| return test_array [0];
| 
|   ;
|   return 0;
| }
configure:15511: result: yes
configure:15522: checking for int32_t
configure:15522: gcc -c -g -O2  conftest.c >&5
configure:15522: $? = 0
configure:15522: gcc -c -g -O2  conftest.c >&5
conftest.c: In function 'main':
conftest.c:65:53: warning: integer overflow in expression [-Woverflow]
    < (int32_t) (((((int32_t) 1 << N) << N) - 1) * 2 + 2))];
                                                     ^
conftest.c:64:12: error: storage size of 'test_array' isn't constant
 static int test_array [1 - 2 * !((int32_t) (((((int32_t) 1 << N) << N) - 1) * 2 + 1)
            ^
configure:15522: $? = 1
configure: failed program was:
| /* confdefs.h */
| #define PACKAGE_NAME "nutcracker"
| #define PACKAGE_TARNAME "nutcracker"
| #define PACKAGE_VERSION "0.4.1"
| #define PACKAGE_STRING "nutcracker 0.4.1"
| #define PACKAGE_BUGREPORT "manj@cs.stanford.edu"
| #define PACKAGE_URL ""
| #define PACKAGE "nutcracker"
| #define VERSION "0.4.1"
| #define NC_VERSION_MAJOR 0
| #define NC_VERSION_MINOR 4
| #define NC_VERSION_PATCH 1
| #define NC_VERSION_STRING "0.4.1"
| #define STDC_HEADERS 1
| #define HAVE_SYS_TYPES_H 1
| #define HAVE_SYS_STAT_H 1
| #define HAVE_STDLIB_H 1
| #define HAVE_STRING_H 1
| #define HAVE_MEMORY_H 1
| #define HAVE_STRINGS_H 1
| #define HAVE_INTTYPES_H 1
| #define HAVE_STDINT_H 1
| #define HAVE_UNISTD_H 1
| #define HAVE_DLFCN_H 1
| #define LT_OBJDIR ".libs/"
| /* end confdefs.h.  */
| #include <stdio.h>
| #ifdef HAVE_SYS_TYPES_H
| # include <sys/types.h>
| #endif
| #ifdef HAVE_SYS_STAT_H
| # include <sys/stat.h>
| #endif
| #ifdef STDC_HEADERS
| # include <stdlib.h>
| # include <stddef.h>
| #else
| # ifdef HAVE_STDLIB_H
| #  include <stdlib.h>
| # endif
| #endif
| #ifdef HAVE_STRING_H
| # if !defined STDC_HEADERS && defined HAVE_MEMORY_H
| #  include <memory.h>
| # endif
| # include <string.h>
| #endif
| #ifdef HAVE_STRINGS_H
| # include <strings.h>
| #endif
| #ifdef HAVE_INTTYPES_H
| # include <inttypes.h>
| #endif
| #ifdef HAVE_STDINT_H
| # include <stdint.h>
| #endif
| #ifdef HAVE_UNISTD_H
| # include <unistd.h>
| #endif
| 	        enum { N = 32 / 2 - 1 };
| int
| main ()
| {
| static int test_array [1 - 2 * !((int32_t) (((((int32_t) 1 << N) << N) - 1) * 2 + 1)
| 		 < (int32_t) (((((int32_t) 1 << N) << N) - 1) * 2 + 2))];
| test_array [0] = 0;
| return test_array [0];
| 
|   ;
|   return 0;
| }
configure:15522: result: yes
configure:15533: checking for int64_t
configure:15533: gcc -c -g -O2  conftest.c >&5
configure:15533: $? = 0
configure:15533: gcc -c -g -O2  conftest.c >&5
conftest.c: In function 'main':
conftest.c:65:53: warning: integer overflow in expression [-Woverflow]
    < (int64_t) (((((int64_t) 1 << N) << N) - 1) * 2 + 2))];
                                                     ^
conftest.c:64:12: error: storage size of 'test_array' isn't constant
 static int test_array [1 - 2 * !((int64_t) (((((int64_t) 1 << N) << N) - 1) * 2 + 1)
            ^
configure:15533: $? = 1
configure: failed program was:
| /* confdefs.h */
| #define PACKAGE_NAME "nutcracker"
| #define PACKAGE_TARNAME "nutcracker"
| #define PACKAGE_VERSION "0.4.1"
| #define PACKAGE_STRING "nutcracker 0.4.1"
| #define PACKAGE_BUGREPORT "manj@cs.stanford.edu"
| #define PACKAGE_URL ""
| #define PACKAGE "nutcracker"
| #define VERSION "0.4.1"
| #define NC_VERSION_MAJOR 0
| #define NC_VERSION_MINOR 4
| #define NC_VERSION_PATCH 1
| #define NC_VERSION_STRING "0.4.1"
| #define STDC_HEADERS 1
| #define HAVE_SYS_TYPES_H 1
| #define HAVE_SYS_STAT_H 1
| #define HAVE_STDLIB_H 1
| #define HAVE_STRING_H 1
| #define HAVE_MEMORY_H 1
| #define HAVE_STRINGS_H 1
| #define HAVE_INTTYPES_H 1
| #define HAVE_STDINT_H 1
| #define HAVE_UNISTD_H 1
| #define HAVE_DLFCN_H 1
| #define LT_OBJDIR ".libs/"
| /* end confdefs.h.  */
| #include <stdio.h>
| #ifdef HAVE_SYS_TYPES_H
| # include <sys/types.h>
| #endif
| #ifdef HAVE_SYS_STAT_H
| # include <sys/stat.h>
| #endif
| #ifdef STDC_HEADERS
| # include <stdlib.h>
| # include <stddef.h>
| #else
| # ifdef HAVE_STDLIB_H
| #  include <stdlib.h>
| # endif
| #endif
| #ifdef HAVE_STRING_H
| # if !defined STDC_HEADERS && defined HAVE_MEMORY_H
| #  include <memory.h>
| # endif
| # include <string.h>
| #endif
| #ifdef HAVE_STRINGS_H
| # include <strings.h>
| #endif
| #ifdef HAVE_INTTYPES_H
| # include <inttypes.h>
| #endif
| #ifdef HAVE_STDINT_H
| # include <stdint.h>
| #endif
| #ifdef HAVE_UNISTD_H
| # include <unistd.h>
| #endif
| 	        enum { N = 64 / 2 - 1 };
| int
| main ()
| {
| static int test_array [1 - 2 * !((int64_t) (((((int64_t) 1 << N) << N) - 1) * 2 + 1)
| 		 < (int64_t) (((((int64_t) 1 << N) << N) - 1) * 2 + 2))];
| test_array [0] = 0;
| return test_array [0];
| 
|   ;
|   return 0;
| }
configure:15533: result: yes
configure:15545: checking for unsigned long long int
configure:15584: gcc -o conftest -g -O2   conftest.c  >&5
configure:15584: $? = 0
configure:15593: result: yes
configure:15603: checking for long long int
configure:15641: gcc -o conftest -g -O2   conftest.c  >&5
configure:15641: $? = 0
configure:15641: ./conftest
configure:15641: $? = 0
configure:15653: result: yes
configure:15663: checking for intmax_t
configure:15663: gcc -c -g -O2  conftest.c >&5
configure:15663: $? = 0
configure:15663: gcc -c -g -O2  conftest.c >&5
conftest.c: In function 'main':
conftest.c:65:23: error: expected expression before ')' token
 if (sizeof ((intmax_t)))
                       ^
configure:15663: $? = 1
configure: failed program was:
| /* confdefs.h */
| #define PACKAGE_NAME "nutcracker"
| #define PACKAGE_TARNAME "nutcracker"
| #define PACKAGE_VERSION "0.4.1"
| #define PACKAGE_STRING "nutcracker 0.4.1"
| #define PACKAGE_BUGREPORT "manj@cs.stanford.edu"
| #define PACKAGE_URL ""
| #define PACKAGE "nutcracker"
| #define VERSION "0.4.1"
| #define NC_VERSION_MAJOR 0
| #define NC_VERSION_MINOR 4
| #define NC_VERSION_PATCH 1
| #define NC_VERSION_STRING "0.4.1"
| #define STDC_HEADERS 1
| #define HAVE_SYS_TYPES_H 1
| #define HAVE_SYS_STAT_H 1
| #define HAVE_STDLIB_H 1
| #define HAVE_STRING_H 1
| #define HAVE_MEMORY_H 1
| #define HAVE_STRINGS_H 1
| #define HAVE_INTTYPES_H 1
| #define HAVE_STDINT_H 1
| #define HAVE_UNISTD_H 1
| #define HAVE_DLFCN_H 1
| #define LT_OBJDIR ".libs/"
| #define HAVE_UNSIGNED_LONG_LONG_INT 1
| #define HAVE_LONG_LONG_INT 1
| /* end confdefs.h.  */
| #include <stdio.h>
| #ifdef HAVE_SYS_TYPES_H
| # include <sys/types.h>
| #endif
| #ifdef HAVE_SYS_STAT_H
| # include <sys/stat.h>
| #endif
| #ifdef STDC_HEADERS
| # include <stdlib.h>
| # include <stddef.h>
| #else
| # ifdef HAVE_STDLIB_H
| #  include <stdlib.h>
| # endif
| #endif
| #ifdef HAVE_STRING_H
| # if !defined STDC_HEADERS && defined HAVE_MEMORY_H
| #  include <memory.h>
| # endif
| # include <string.h>
| #endif
| #ifdef HAVE_STRINGS_H
| # include <strings.h>
| #endif
| #ifdef HAVE_INTTYPES_H
| # include <inttypes.h>
| #endif
| #ifdef HAVE_STDINT_H
| # include <stdint.h>
| #endif
| #ifdef HAVE_UNISTD_H
| # include <unistd.h>
| #endif
| int
| main ()
| {
| if (sizeof ((intmax_t)))
| 	    return 0;
|   ;
|   return 0;
| }
configure:15663: result: yes
configure:15681: checking for intptr_t
configure:15681: gcc -c -g -O2  conftest.c >&5
configure:15681: $? = 0
configure:15681: gcc -c -g -O2  conftest.c >&5
conftest.c: In function 'main':
conftest.c:66:23: error: expected expression before ')' token
 if (sizeof ((intptr_t)))
                       ^
configure:15681: $? = 1
configure: failed program was:
| /* confdefs.h */
| #define PACKAGE_NAME "nutcracker"
| #define PACKAGE_TARNAME "nutcracker"
| #define PACKAGE_VERSION "0.4.1"
| #define PACKAGE_STRING "nutcracker 0.4.1"
| #define PACKAGE_BUGREPORT "manj@cs.stanford.edu"
| #define PACKAGE_URL ""
| #define PACKAGE "nutcracker"
| #define VERSION "0.4.1"
| #define NC_VERSION_MAJOR 0
| #define NC_VERSION_MINOR 4
| #define NC_VERSION_PATCH 1
| #define NC_VERSION_STRING "0.4.1"
| #define STDC_HEADERS 1
| #define HAVE_SYS_TYPES_H 1
| #define HAVE_SYS_STAT_H 1
| #define HAVE_STDLIB_H 1
| #define HAVE_STRING_H 1
| #define HAVE_MEMORY_H 1
| #define HAVE_STRINGS_H 1
| #define HAVE_INTTYPES_H 1
| #define HAVE_STDINT_H 1
| #define HAVE_UNISTD_H 1
| #define HAVE_DLFCN_H 1
| #define LT_OBJDIR ".libs/"
| #define HAVE_UNSIGNED_LONG_LONG_INT 1
| #define HAVE_LONG_LONG_INT 1
| #define HAVE_INTMAX_T 1
| /* end confdefs.h.  */
| #include <stdio.h>
| #ifdef HAVE_SYS_TYPES_H
| # include <sys/types.h>
| #endif
| #ifdef HAVE_SYS_STAT_H
| # include <sys/stat.h>
| #endif
| #ifdef STDC_HEADERS
| # include <stdlib.h>
| # include <stddef.h>
| #else
| # ifdef HAVE_STDLIB_H
| #  include <stdlib.h>
| # endif
| #endif
| #ifdef HAVE_STRING_H
| # if !defined STDC_HEADERS && defined HAVE_MEMORY_H
| #  include <memory.h>
| # endif
| # include <string.h>
| #endif
| #ifdef HAVE_STRINGS_H
| # include <strings.h>
| #endif
| #ifdef HAVE_INTTYPES_H
| # include <inttypes.h>
| #endif
| #ifdef HAVE_STDINT_H
| # include <stdint.h>
| #endif
| #ifdef HAVE_UNISTD_H
| # include <unistd.h>
| #endif
| int
| main ()
| {
| if (sizeof ((intptr_t)))
| 	    return 0;
|   ;
|   return 0;
| }
configure:15681: result: yes
configure:15716: checking for uint8_t
configure:15716: gcc -c -g -O2  conftest.c >&5
configure:15716: $? = 0
configure:15716: result: yes
configure:15730: checking for uint16_t
configure:15730: gcc -c -g -O2  conftest.c >&5
configure:15730: $? = 0
configure:15730: result: yes
configure:15742: checking for uint32_t
configure:15742: gcc -c -g -O2  conftest.c >&5
configure:15742: $? = 0
configure:15742: result: yes
configure:15756: checking for uint64_t
configure:15756: gcc -c -g -O2  conftest.c >&5
configure:15756: $? = 0
configure:15756: result: yes
configure:15772: checking for uintmax_t
configure:15772: gcc -c -g -O2  conftest.c >&5
configure:15772: $? = 0
configure:15772: gcc -c -g -O2  conftest.c >&5
conftest.c: In function 'main':
conftest.c:67:24: error: expected expression before ')' token
 if (sizeof ((uintmax_t)))
                        ^
configure:15772: $? = 1
configure: failed program was:
| /* confdefs.h */
| #define PACKAGE_NAME "nutcracker"
| #define PACKAGE_TARNAME "nutcracker"
| #define PACKAGE_VERSION "0.4.1"
| #define PACKAGE_STRING "nutcracker 0.4.1"
| #define PACKAGE_BUGREPORT "manj@cs.stanford.edu"
| #define PACKAGE_URL ""
| #define PACKAGE "nutcracker"
| #define VERSION "0.4.1"
| #define NC_VERSION_MAJOR 0
| #define NC_VERSION_MINOR 4
| #define NC_VERSION_PATCH 1
| #define NC_VERSION_STRING "0.4.1"
| #define STDC_HEADERS 1
| #define HAVE_SYS_TYPES_H 1
| #define HAVE_SYS_STAT_H 1
| #define HAVE_STDLIB_H 1
| #define HAVE_STRING_H 1
| #define HAVE_MEMORY_H 1
| #define HAVE_STRINGS_H 1
| #define HAVE_INTTYPES_H 1
| #define HAVE_STDINT_H 1
| #define HAVE_UNISTD_H 1
| #define HAVE_DLFCN_H 1
| #define LT_OBJDIR ".libs/"
| #define HAVE_UNSIGNED_LONG_LONG_INT 1
| #define HAVE_LONG_LONG_INT 1
| #define HAVE_INTMAX_T 1
| #define HAVE_INTPTR_T 1
| /* end confdefs.h.  */
| #include <stdio.h>
| #ifdef HAVE_SYS_TYPES_H
| # include <sys/types.h>
| #endif
| #ifdef HAVE_SYS_STAT_H
| # include <sys/stat.h>
| #endif
| #ifdef STDC_HEADERS
| # include <stdlib.h>
| # include <stddef.h>
| #else
| # ifdef HAVE_STDLIB_H
| #  include <stdlib.h>
| # endif
| #endif
| #ifdef HAVE_STRING_H
| # if !defined STDC_HEADERS && defined HAVE_MEMORY_H
| #  include <memory.h>
| # endif
| # include <string.h>
| #endif
| #ifdef HAVE_STRINGS_H
| # include <strings.h>
| #endif
| #ifdef HAVE_INTTYPES_H
| # include <inttypes.h>
| #endif
| #ifdef HAVE_STDINT_H
| # include <stdint.h>
| #endif
| #ifdef HAVE_UNISTD_H
| # include <unistd.h>
| #endif
| int
| main ()
| {
| if (sizeof ((uintmax_t)))
| 	    return 0;
|   ;
|   return 0;
| }
configure:15772: result: yes
configure:15790: checking for uintptr_t
configure:15790: gcc -c -g -O2  conftest.c >&5
configure:15790: $? = 0
configure:15790: gcc -c -g -O2  conftest.c >&5
conftest.c: In function 'main':
conftest.c:68:24: error: expected expression before ')' token
 if (sizeof ((uintptr_t)))
                        ^
configure:15790: $? = 1
configure: failed program was:
| /* confdefs.h */
| #define PACKAGE_NAME "nutcracker"
| #define PACKAGE_TARNAME "nutcracker"
| #define PACKAGE_VERSION "0.4.1"
| #define PACKAGE_STRING "nutcracker 0.4.1"
| #define PACKAGE_BUGREPORT "manj@cs.stanford.edu"
| #define PACKAGE_URL ""
| #define PACKAGE "nutcracker"
| #define VERSION "0.4.1"
| #define NC_VERSION_MAJOR 0
| #define NC_VERSION_MINOR 4
| #define NC_VERSION_PATCH 1
| #define NC_VERSION_STRING "0.4.1"
| #define STDC_HEADERS 1
| #define HAVE_SYS_TYPES_H 1
| #define HAVE_SYS_STAT_H 1
| #define HAVE_STDLIB_H 1
| #define HAVE_STRING_H 1
| #define HAVE_MEMORY_H 1
| #define HAVE_STRINGS_H 1
| #define HAVE_INTTYPES_H 1
| #define HAVE_STDINT_H 1
| #define HAVE_UNISTD_H 1
| #define HAVE_DLFCN_H 1
| #define LT_OBJDIR ".libs/"
| #define HAVE_UNSIGNED_LONG_LONG_INT 1
| #define HAVE_LONG_LONG_INT 1
| #define HAVE_INTMAX_T 1
| #define HAVE_INTPTR_T 1
| #define HAVE_UINTMAX_T 1
| /* end confdefs.h.  */
| #include <stdio.h>
| #ifdef HAVE_SYS_TYPES_H
| # include <sys/types.h>
| #endif
| #ifdef HAVE_SYS_STAT_H
| # include <sys/stat.h>
| #endif
| #ifdef STDC_HEADERS
| # include <stdlib.h>
| # include <stddef.h>
| #else
| # ifdef HAVE_STDLIB_H
| #  include <stdlib.h>
| # endif
| #endif
| #ifdef HAVE_STRING_H
| # if !defined STDC_HEADERS && defined HAVE_MEMORY_H
| #  include <memory.h>
| # endif
| # include <string.h>
| #endif
| #ifdef HAVE_STRINGS_H
| # include <strings.h>
| #endif
| #ifdef HAVE_INTTYPES_H
| # include <inttypes.h>
| #endif
| #ifdef HAVE_STDINT_H
| # include <stdint.h>
| #endif
| #ifdef HAVE_UNISTD_H
| # include <unistd.h>
| #endif
| int
| main ()
| {
| if (sizeof ((uintptr_t)))
| 	    return 0;
|   ;
|   return 0;
| }
configure:15790: result: yes
configure:15826: checking for off_t
configure:15826: gcc -c -g -O2  conftest.c >&5
configure:15826: $? = 0
configure:15826: gcc -c -g -O2  conftest.c >&5
conftest.c: In function 'main':
conftest.c:69:20: error: expected expression before ')' token
 if (sizeof ((off_t)))
                    ^
configure:15826: $? = 1
configure: failed program was:
| /* confdefs.h */
| #define PACKAGE_NAME "nutcracker"
| #define PACKAGE_TARNAME "nutcracker"
| #define PACKAGE_VERSION "0.4.1"
| #define PACKAGE_STRING "nutcracker 0.4.1"
| #define PACKAGE_BUGREPORT "manj@cs.stanford.edu"
| #define PACKAGE_URL ""
| #define PACKAGE "nutcracker"
| #define VERSION "0.4.1"
| #define NC_VERSION_MAJOR 0
| #define NC_VERSION_MINOR 4
| #define NC_VERSION_PATCH 1
| #define NC_VERSION_STRING "0.4.1"
| #define STDC_HEADERS 1
| #define HAVE_SYS_TYPES_H 1
| #define HAVE_SYS_STAT_H 1
| #define HAVE_STDLIB_H 1
| #define HAVE_STRING_H 1
| #define HAVE_MEMORY_H 1
| #define HAVE_STRINGS_H 1
| #define HAVE_INTTYPES_H 1
| #define HAVE_STDINT_H 1
| #define HAVE_UNISTD_H 1
| #define HAVE_DLFCN_H 1
| #define LT_OBJDIR ".libs/"
| #define HAVE_UNSIGNED_LONG_LONG_INT 1
| #define HAVE_LONG_LONG_INT 1
| #define HAVE_INTMAX_T 1
| #define HAVE_INTPTR_T 1
| #define HAVE_UINTMAX_T 1
| #define HAVE_UINTPTR_T 1
| /* end confdefs.h.  */
| #include <stdio.h>
| #ifdef HAVE_SYS_TYPES_H
| # include <sys/types.h>
| #endif
| #ifdef HAVE_SYS_STAT_H
| # include <sys/stat.h>
| #endif
| #ifdef STDC_HEADERS
| # include <stdlib.h>
| # include <stddef.h>
| #else
| # ifdef HAVE_STDLIB_H
| #  include <stdlib.h>
| # endif
| #endif
| #ifdef HAVE_STRING_H
| # if !defined STDC_HEADERS && defined HAVE_MEMORY_H
| #  include <memory.h>
| # endif
| # include <string.h>
| #endif
| #ifdef HAVE_STRINGS_H
| # include <strings.h>
| #endif
| #ifdef HAVE_INTTYPES_H
| # include <inttypes.h>
| #endif
| #ifdef HAVE_STDINT_H
| # include <stdint.h>
| #endif
| #ifdef HAVE_UNISTD_H
| # include <unistd.h>
| #endif
| int
| main ()
| {
| if (sizeof ((off_t)))
| 	    return 0;
|   ;
|   return 0;
| }
configure:15826: result: yes
configure:15837: checking for pid_t
configure:15837: gcc -c -g -O2  conftest.c >&5
configure:15837: $? = 0
configure:15837: gcc -c -g -O2  conftest.c >&5
conftest.c: In function 'main':
conftest.c:69:20: error: expected expression before ')' token
 if (sizeof ((pid_t)))
                    ^
configure:15837: $? = 1
configure: failed program was:
| /* confdefs.h */
| #define PACKAGE_NAME "nutcracker"
| #define PACKAGE_TARNAME "nutcracker"
| #define PACKAGE_VERSION "0.4.1"
| #define PACKAGE_STRING "nutcracker 0.4.1"
| #define PACKAGE_BUGREPORT "manj@cs.stanford.edu"
| #define PACKAGE_URL ""
| #define PACKAGE "nutcracker"
| #define VERSION "0.4.1"
| #define NC_VERSION_MAJOR 0
| #define NC_VERSION_MINOR 4
| #define NC_VERSION_PATCH 1
| #define NC_VERSION_STRING "0.4.1"
| #define STDC_HEADERS 1
| #define HAVE_SYS_TYPES_H 1
| #define HAVE_SYS_STAT_H 1
| #define HAVE_STDLIB_H 1
| #define HAVE_STRING_H 1
| #define HAVE_MEMORY_H 1
| #define HAVE_STRINGS_H 1
| #define HAVE_INTTYPES_H 1
| #define HAVE_STDINT_H 1
| #define HAVE_UNISTD_H 1
| #define HAVE_DLFCN_H 1
| #define LT_OBJDIR ".libs/"
| #define HAVE_UNSIGNED_LONG_LONG_INT 1
| #define HAVE_LONG_LONG_INT 1
| #define HAVE_INTMAX_T 1
| #define HAVE_INTPTR_T 1
| #define HAVE_UINTMAX_T 1
| #define HAVE_UINTPTR_T 1
| /* end confdefs.h.  */
| #include <stdio.h>
| #ifdef HAVE_SYS_TYPES_H
| # include <sys/types.h>
| #endif
| #ifdef HAVE_SYS_STAT_H
| # include <sys/stat.h>
| #endif
| #ifdef STDC_HEADERS
| # include <stdlib.h>
| # include <stddef.h>
| #else
| # ifdef HAVE_STDLIB_H
| #  include <stdlib.h>
| # endif
| #endif
| #ifdef HAVE_STRING_H
| # if !defined STDC_HEADERS && defined HAVE_MEMORY_H
| #  include <memory.h>
| # endif
| # include <string.h>
| #endif
| #ifdef HAVE_STRINGS_H
| # include <strings.h>
| #endif
| #ifdef HAVE_INTTYPES_H
| # include <inttypes.h>
| #endif
| #ifdef HAVE_STDINT_H
| # include <stdint.h>
| #endif
| #ifdef HAVE_UNISTD_H
| # include <unistd.h>
| #endif
| int
| main ()
| {
| if (sizeof ((pid_t)))
| 	    return 0;
|   ;
|   return 0;
| }
configure:15837: result: yes
configure:15848: checking for size_t
configure:15848: gcc -c -g -O2  conftest.c >&5
configure:15848: $? = 0
configure:15848: gcc -c -g -O2  conftest.c >&5
conftest.c: In function 'main':
conftest.c:69:21: error: expected expression before ')' token
 if (sizeof ((size_t)))
                     ^
configure:15848: $? = 1
configure: failed program was:
| /* confdefs.h */
| #define PACKAGE_NAME "nutcracker"
| #define PACKAGE_TARNAME "nutcracker"
| #define PACKAGE_VERSION "0.4.1"
| #define PACKAGE_STRING "nutcracker 0.4.1"
| #define PACKAGE_BUGREPORT "manj@cs.stanford.edu"
| #define PACKAGE_URL ""
| #define PACKAGE "nutcracker"
| #define VERSION "0.4.1"
| #define NC_VERSION_MAJOR 0
| #define NC_VERSION_MINOR 4
| #define NC_VERSION_PATCH 1
| #define NC_VERSION_STRING "0.4.1"
| #define STDC_HEADERS 1
| #define HAVE_SYS_TYPES_H 1
| #define HAVE_SYS_STAT_H 1
| #define HAVE_STDLIB_H 1
| #define HAVE_STRING_H 1
| #define HAVE_MEMORY_H 1
| #define HAVE_STRINGS_H 1
| #define HAVE_INTTYPES_H 1
| #define HAVE_STDINT_H 1
| #define HAVE_UNISTD_H 1
| #define HAVE_DLFCN_H 1
| #define LT_OBJDIR ".libs/"
| #define HAVE_UNSIGNED_LONG_LONG_INT 1
| #define HAVE_LONG_LONG_INT 1
| #define HAVE_INTMAX_T 1
| #define HAVE_INTPTR_T 1
| #define HAVE_UINTMAX_T 1
| #define HAVE_UINTPTR_T 1
| /* end confdefs.h.  */
| #include <stdio.h>
| #ifdef HAVE_SYS_TYPES_H
| # include <sys/types.h>
| #endif
| #ifdef HAVE_SYS_STAT_H
| # include <sys/stat.h>
| #endif
| #ifdef STDC_HEADERS
| # include <stdlib.h>
| # include <stddef.h>
| #else
| # ifdef HAVE_STDLIB_H
| #  include <stdlib.h>
| # endif
| #endif
| #ifdef HAVE_STRING_H
| # if !defined STDC_HEADERS && defined HAVE_MEMORY_H
| #  include <memory.h>
| # endif
| # include <string.h>
| #endif
| #ifdef HAVE_STRINGS_H
| # include <strings.h>
| #endif
| #ifdef HAVE_INTTYPES_H
| # include <inttypes.h>
| #endif
| #ifdef HAVE_STDINT_H
| # include <stdint.h>
| #endif
| #ifdef HAVE_UNISTD_H
| # include <unistd.h>
| #endif
| int
| main ()
| {
| if (sizeof ((size_t)))
| 	    return 0;
|   ;
|   return 0;
| }
configure:15848: result: yes
configure:15859: checking for ssize_t
configure:15859: gcc -c -g -O2  conftest.c >&5
configure:15859: $? = 0
configure:15859: gcc -c -g -O2  conftest.c >&5
conftest.c: In function 'main':
conftest.c:69:22: error: expected expression before ')' token
 if (sizeof ((ssize_t)))
                      ^
configure:15859: $? = 1
configure: failed program was:
| /* confdefs.h */
| #define PACKAGE_NAME "nutcracker"
| #define PACKAGE_TARNAME "nutcracker"
| #define PACKAGE_VERSION "0.4.1"
| #define PACKAGE_STRING "nutcracker 0.4.1"
| #define PACKAGE_BUGREPORT "manj@cs.stanford.edu"
| #define PACKAGE_URL ""
| #define PACKAGE "nutcracker"
| #define VERSION "0.4.1"
| #define NC_VERSION_MAJOR 0
| #define NC_VERSION_MINOR 4
| #define NC_VERSION_PATCH 1
| #define NC_VERSION_STRING "0.4.1"
| #define STDC_HEADERS 1
| #define HAVE_SYS_TYPES_H 1
| #define HAVE_SYS_STAT_H 1
| #define HAVE_STDLIB_H 1
| #define HAVE_STRING_H 1
| #define HAVE_MEMORY_H 1
| #define HAVE_STRINGS_H 1
| #define HAVE_INTTYPES_H 1
| #define HAVE_STDINT_H 1
| #define HAVE_UNISTD_H 1
| #define HAVE_DLFCN_H 1
| #define LT_OBJDIR ".libs/"
| #define HAVE_UNSIGNED_LONG_LONG_INT 1
| #define HAVE_LONG_LONG_INT 1
| #define HAVE_INTMAX_T 1
| #define HAVE_INTPTR_T 1
| #define HAVE_UINTMAX_T 1
| #define HAVE_UINTPTR_T 1
| /* end confdefs.h.  */
| #include <stdio.h>
| #ifdef HAVE_SYS_TYPES_H
| # include <sys/types.h>
| #endif
| #ifdef HAVE_SYS_STAT_H
| # include <sys/stat.h>
| #endif
| #ifdef STDC_HEADERS
| # include <stdlib.h>
| # include <stddef.h>
| #else
| # ifdef HAVE_STDLIB_H
| #  include <stdlib.h>
| # endif
| #endif
| #ifdef HAVE_STRING_H
| # if !defined STDC_HEADERS && defined HAVE_MEMORY_H
| #  include <memory.h>
| # endif
| # include <string.h>
| #endif
| #ifdef HAVE_STRINGS_H
| # include <strings.h>
| #endif
| #ifdef HAVE_INTTYPES_H
| # include <inttypes.h>
| #endif
| #ifdef HAVE_STDINT_H
| # include <stdint.h>
| #endif
| #ifdef HAVE_UNISTD_H
| # include <unistd.h>
| #endif
| int
| main ()
| {
| if (sizeof ((ssize_t)))
| 	    return 0;
|   ;
|   return 0;
| }
configure:15859: result: yes
configure:15871: checking whether byte ordering is bigendian
configure:15886: gcc -c -g -O2  conftest.c >&5
conftest.c:34:9: error: unknown type name 'not'
         not a universal capable compiler
         ^
conftest.c:34:15: error: expected '=', ',', ';', 'asm' or '__attribute__' before 'universal'
         not a universal capable compiler
               ^
conftest.c:34:15: error: unknown type name 'universal'
configure:15886: $? = 1
configure: failed program was:
| /* confdefs.h */
| #define PACKAGE_NAME "nutcracker"
| #define PACKAGE_TARNAME "nutcracker"
| #define PACKAGE_VERSION "0.4.1"
| #define PACKAGE_STRING "nutcracker 0.4.1"
| #define PACKAGE_BUGREPORT "manj@cs.stanford.edu"
| #define PACKAGE_URL ""
| #define PACKAGE "nutcracker"
| #define VERSION "0.4.1"
| #define NC_VERSION_MAJOR 0
| #define NC_VERSION_MINOR 4
| #define NC_VERSION_PATCH 1
| #define NC_VERSION_STRING "0.4.1"
| #define STDC_HEADERS 1
| #define HAVE_SYS_TYPES_H 1
| #define HAVE_SYS_STAT_H 1
| #define HAVE_STDLIB_H 1
| #define HAVE_STRING_H 1
| #define HAVE_MEMORY_H 1
| #define HAVE_STRINGS_H 1
| #define HAVE_INTTYPES_H 1
| #define HAVE_STDINT_H 1
| #define HAVE_UNISTD_H 1
| #define HAVE_DLFCN_H 1
| #define LT_OBJDIR ".libs/"
| #define HAVE_UNSIGNED_LONG_LONG_INT 1
| #define HAVE_LONG_LONG_INT 1
| #define HAVE_INTMAX_T 1
| #define HAVE_INTPTR_T 1
| #define HAVE_UINTMAX_T 1
| #define HAVE_UINTPTR_T 1
| /* end confdefs.h.  */
| #ifndef __APPLE_CC__
| 	       not a universal capable compiler
| 	     #endif
| 	     typedef int dummy;
| 
configure:15931: gcc -c -g -O2  conftest.c >&5
configure:15931: $? = 0
configure:15949: gcc -c -g -O2  conftest.c >&5
conftest.c: In function 'main':
conftest.c:40:4: error: unknown type name 'not'
    not big endian
    ^
conftest.c:40:12: error: expected '=', ',', ';', 'asm' or '__attribute__' before 'endian'
    not big endian
            ^
configure:15949: $? = 1
configure: failed program was:
| /* confdefs.h */
| #define PACKAGE_NAME "nutcracker"
| #define PACKAGE_TARNAME "nutcracker"
| #define PACKAGE_VERSION "0.4.1"
| #define PACKAGE_STRING "nutcracker 0.4.1"
| #define PACKAGE_BUGREPORT "manj@cs.stanford.edu"
| #define PACKAGE_URL ""
| #define PACKAGE "nutcracker"
| #define VERSION "0.4.1"
| #define NC_VERSION_MAJOR 0
| #define NC_VERSION_MINOR 4
| #define NC_VERSION_PATCH 1
| #define NC_VERSION_STRING "0.4.1"
| #define STDC_HEADERS 1
| #define HAVE_SYS_TYPES_H 1
| #define HAVE_SYS_STAT_H 1
| #define HAVE_STDLIB_H 1
| #define HAVE_STRING_H 1
| #define HAVE_MEMORY_H 1
| #define HAVE_STRINGS_H 1
| #define HAVE_INTTYPES_H 1
| #define HAVE_STDINT_H 1
| #define HAVE_UNISTD_H 1
| #define HAVE_DLFCN_H 1
| #define LT_OBJDIR ".libs/"
| #define HAVE_UNSIGNED_LONG_LONG_INT 1
| #define HAVE_LONG_LONG_INT 1
| #define HAVE_INTMAX_T 1
| #define HAVE_INTPTR_T 1
| #define HAVE_UINTMAX_T 1
| #define HAVE_UINTPTR_T 1
| /* end confdefs.h.  */
| #include <sys/types.h>
| 		#include <sys/param.h>
| 
| int
| main ()
| {
| #if BYTE_ORDER != BIG_ENDIAN
| 		 not big endian
| 		#endif
| 
|   ;
|   return 0;
| }
configure:16077: result: no
configure:16097: checking for stdbool.h that conforms to C99
configure:16164: gcc -c -g -O2  conftest.c >&5
configure:16164: $? = 0
configure:16171: result: yes
configure:16173: checking for _Bool
configure:16173: gcc -c -g -O2  conftest.c >&5
configure:16173: $? = 0
configure:16173: gcc -c -g -O2  conftest.c >&5
conftest.c: In function 'main':
conftest.c:70:20: error: expected expression before ')' token
 if (sizeof ((_Bool)))
                    ^
configure:16173: $? = 1
configure: failed program was:
| /* confdefs.h */
| #define PACKAGE_NAME "nutcracker"
| #define PACKAGE_TARNAME "nutcracker"
| #define PACKAGE_VERSION "0.4.1"
| #define PACKAGE_STRING "nutcracker 0.4.1"
| #define PACKAGE_BUGREPORT "manj@cs.stanford.edu"
| #define PACKAGE_URL ""
| #define PACKAGE "nutcracker"
| #define VERSION "0.4.1"
| #define NC_VERSION_MAJOR 0
| #define NC_VERSION_MINOR 4
| #define NC_VERSION_PATCH 1
| #define NC_VERSION_STRING "0.4.1"
| #define STDC_HEADERS 1
| #define HAVE_SYS_TYPES_H 1
| #define HAVE_SYS_STAT_H 1
| #define HAVE_STDLIB_H 1
| #define HAVE_STRING_H 1
| #define HAVE_MEMORY_H 1
| #define HAVE_STRINGS_H 1
| #define HAVE_INTTYPES_H 1
| #define HAVE_STDINT_H 1
| #define HAVE_UNISTD_H 1
| #define HAVE_DLFCN_H 1
| #define LT_OBJDIR ".libs/"
| #define HAVE_UNSIGNED_LONG_LONG_INT 1
| #define HAVE_LONG_LONG_INT 1
| #define HAVE_INTMAX_T 1
| #define HAVE_INTPTR_T 1
| #define HAVE_UINTMAX_T 1
| #define HAVE_UINTPTR_T 1
| #define HAVE_LITTLE_ENDIAN 1
| /* end confdefs.h.  */
| #include <stdio.h>
| #ifdef HAVE_SYS_TYPES_H
| # include <sys/types.h>
| #endif
| #ifdef HAVE_SYS_STAT_H
| # include <sys/stat.h>
| #endif
| #ifdef STDC_HEADERS
| # include <stdlib.h>
| # include <stddef.h>
| #else
| # ifdef HAVE_STDLIB_H
| #  include <stdlib.h>
| # endif
| #endif
| #ifdef HAVE_STRING_H
| # if !defined STDC_HEADERS && defined HAVE_MEMORY_H
| #  include <memory.h>
| # endif
| # include <string.h>
| #endif
| #ifdef HAVE_STRINGS_H
| # include <strings.h>
| #endif
| #ifdef HAVE_INTTYPES_H
| # include <inttypes.h>
| #endif
| #ifdef HAVE_STDINT_H
| # include <stdint.h>
| #endif
| #ifdef HAVE_UNISTD_H
| # include <unistd.h>
| #endif
| int
| main ()
| {
| if (sizeof ((_Bool)))
| 	    return 0;
|   ;
|   return 0;
| }
configure:16173: result: yes
configure:16193: checking fcntl.h usability
configure:16193: gcc -c -g -O2  conftest.c >&5
configure:16193: $? = 0
configure:16193: result: yes
configure:16193: checking fcntl.h presence
configure:16193: gcc -E  conftest.c
configure:16193: $? = 0
configure:16193: result: yes
configure:16193: checking for fcntl.h
configure:16193: result: yes
configure:16193: checking float.h usability
configure:16193: gcc -c -g -O2  conftest.c >&5
configure:16193: $? = 0
configure:16193: result: yes
configure:16193: checking float.h presence
configure:16193: gcc -E  conftest.c
configure:16193: $? = 0
configure:16193: result: yes
configure:16193: checking for float.h
configure:16193: result: yes
configure:16193: checking limits.h usability
configure:16193: gcc -c -g -O2  conftest.c >&5
configure:16193: $? = 0
configure:16193: result: yes
configure:16193: checking limits.h presence
configure:16193: gcc -E  conftest.c
configure:16193: $? = 0
configure:16193: result: yes
configure:16193: checking for limits.h
configure:16193: result: yes
configure:16193: checking stddef.h usability
configure:16193: gcc -c -g -O2  conftest.c >&5
configure:16193: $? = 0
configure:16193: result: yes
configure:16193: checking stddef.h presence
configure:16193: gcc -E  conftest.c
configure:16193: $? = 0
configure:16193: result: yes
configure:16193: checking for stddef.h
configure:16193: result: yes
configure:16193: checking for stdlib.h
configure:16193: result: yes
configure:16193: checking for string.h
configure:16193: result: yes
configure:16193: checking for unistd.h
configure:16193: result: yes
configure:16206: checking for inttypes.h
configure:16206: result: yes
configure:16206: checking for stdint.h
configure:16206: result: yes
configure:16219: checking sys/ioctl.h usability
configure:16219: gcc -c -g -O2  conftest.c >&5
configure:16219: $? = 0
configure:16219: result: yes
configure:16219: checking sys/ioctl.h presence
configure:16219: gcc -E  conftest.c
configure:16219: $? = 0
configure:16219: result: yes
configure:16219: checking for sys/ioctl.h
configure:16219: result: yes
configure:16219: checking sys/time.h usability
configure:16219: gcc -c -g -O2  conftest.c >&5
configure:16219: $? = 0
configure:16219: result: yes
configure:16219: checking sys/time.h presence
configure:16219: gcc -E  conftest.c
configure:16219: $? = 0
configure:16219: result: yes
configure:16219: checking for sys/time.h
configure:16219: result: yes
configure:16219: checking sys/uio.h usability
configure:16219: gcc -c -g -O2  conftest.c >&5
configure:16219: $? = 0
configure:16219: result: yes
configure:16219: checking sys/uio.h presence
configure:16219: gcc -E  conftest.c
configure:16219: $? = 0
configure:16219: result: yes
configure:16219: checking for sys/uio.h
configure:16219: result: yes
configure:16232: checking sys/socket.h usability
configure:16232: gcc -c -g -O2  conftest.c >&5
configure:16232: $? = 0
configure:16232: result: yes
configure:16232: checking sys/socket.h presence
configure:16232: gcc -E  conftest.c
configure:16232: $? = 0
configure:16232: result: yes
configure:16232: checking for sys/socket.h
configure:16232: result: yes
configure:16232: checking sys/un.h usability
configure:16232: gcc -c -g -O2  conftest.c >&5
configure:16232: $? = 0
configure:16232: result: yes
configure:16232: checking sys/un.h presence
configure:16232: gcc -E  conftest.c
configure:16232: $? = 0
configure:16232: result: yes
configure:16232: checking for sys/un.h
configure:16232: result: yes
configure:16232: checking netinet/in.h usability
configure:16232: gcc -c -g -O2  conftest.c >&5
configure:16232: $? = 0
configure:16232: result: yes
configure:16232: checking netinet/in.h presence
configure:16232: gcc -E  conftest.c
configure:16232: $? = 0
configure:16232: result: yes
configure:16232: checking for netinet/in.h
configure:16232: result: yes
configure:16232: checking arpa/inet.h usability
configure:16232: gcc -c -g -O2  conftest.c >&5
configure:16232: $? = 0
configure:16232: result: yes
configure:16232: checking arpa/inet.h presence
configure:16232: gcc -E  conftest.c
configure:16232: $? = 0
configure:16232: result: yes
configure:16232: checking for arpa/inet.h
configure:16232: result: yes
configure:16232: checking netdb.h usability
configure:16232: gcc -c -g -O2  conftest.c >&5
configure:16232: $? = 0
configure:16232: result: yes
configure:16232: checking netdb.h presence
configure:16232: gcc -E  conftest.c
configure:16232: $? = 0
configure:16232: result: yes
configure:16232: checking for netdb.h
configure:16232: result: yes
configure:16244: checking execinfo.h usability
configure:16244: gcc -c -g -O2  conftest.c >&5
configure:16244: $? = 0
configure:16244: result: yes
configure:16244: checking execinfo.h presence
configure:16244: gcc -E  conftest.c
configure:16244: $? = 0
configure:16244: result: yes
configure:16244: checking for execinfo.h
configure:16244: result: yes
configure:16258: checking sys/epoll.h usability
configure:16258: gcc -c -g -O2  conftest.c >&5
configure:16258: $? = 0
configure:16258: result: yes
configure:16258: checking sys/epoll.h presence
configure:16258: gcc -E  conftest.c
configure:16258: $? = 0
configure:16258: result: yes
configure:16258: checking for sys/epoll.h
configure:16258: result: yes
configure:16270: checking sys/event.h usability
configure:16270: gcc -c -g -O2  conftest.c >&5
conftest.c:89:23: fatal error: sys/event.h: No such file or directory
 #include <sys/event.h>
                       ^
compilation terminated.
configure:16270: $? = 1
configure: failed program was:
| /* confdefs.h */
| #define PACKAGE_NAME "nutcracker"
| #define PACKAGE_TARNAME "nutcracker"
| #define PACKAGE_VERSION "0.4.1"
| #define PACKAGE_STRING "nutcracker 0.4.1"
| #define PACKAGE_BUGREPORT "manj@cs.stanford.edu"
| #define PACKAGE_URL ""
| #define PACKAGE "nutcracker"
| #define VERSION "0.4.1"
| #define NC_VERSION_MAJOR 0
| #define NC_VERSION_MINOR 4
| #define NC_VERSION_PATCH 1
| #define NC_VERSION_STRING "0.4.1"
| #define STDC_HEADERS 1
| #define HAVE_SYS_TYPES_H 1
| #define HAVE_SYS_STAT_H 1
| #define HAVE_STDLIB_H 1
| #define HAVE_STRING_H 1
| #define HAVE_MEMORY_H 1
| #define HAVE_STRINGS_H 1
| #define HAVE_INTTYPES_H 1
| #define HAVE_STDINT_H 1
| #define HAVE_UNISTD_H 1
| #define HAVE_DLFCN_H 1
| #define LT_OBJDIR ".libs/"
| #define HAVE_UNSIGNED_LONG_LONG_INT 1
| #define HAVE_LONG_LONG_INT 1
| #define HAVE_INTMAX_T 1
| #define HAVE_INTPTR_T 1
| #define HAVE_UINTMAX_T 1
| #define HAVE_UINTPTR_T 1
| #define HAVE_LITTLE_ENDIAN 1
| #define HAVE__BOOL 1
| #define HAVE_STDBOOL_H 1
| #define HAVE_FCNTL_H 1
| #define HAVE_FLOAT_H 1
| #define HAVE_LIMITS_H 1
| #define HAVE_STDDEF_H 1
| #define HAVE_STDLIB_H 1
| #define HAVE_STRING_H 1
| #define HAVE_UNISTD_H 1
| #define HAVE_INTTYPES_H 1
| #define HAVE_STDINT_H 1
| #define HAVE_SYS_IOCTL_H 1
| #define HAVE_SYS_TIME_H 1
| #define HAVE_SYS_UIO_H 1
| #define HAVE_SYS_SOCKET_H 1
| #define HAVE_SYS_UN_H 1
| #define HAVE_NETINET_IN_H 1
| #define HAVE_ARPA_INET_H 1
| #define HAVE_NETDB_H 1
| #define HAVE_EXECINFO_H 1
| #define HAVE_BACKTRACE 1
| #define HAVE_SYS_EPOLL_H 1
| /* end confdefs.h.  */
| #include <stdio.h>
| #ifdef HAVE_SYS_TYPES_H
| # include <sys/types.h>
| #endif
| #ifdef HAVE_SYS_STAT_H
| # include <sys/stat.h>
| #endif
| #ifdef STDC_HEADERS
| # include <stdlib.h>
| # include <stddef.h>
| #else
| # ifdef HAVE_STDLIB_H
| #  include <stdlib.h>
| # endif
| #endif
| #ifdef HAVE_STRING_H
| # if !defined STDC_HEADERS && defined HAVE_MEMORY_H
| #  include <memory.h>
| # endif
| # include <string.h>
| #endif
| #ifdef HAVE_STRINGS_H
| # include <strings.h>
| #endif
| #ifdef HAVE_INTTYPES_H
| # include <inttypes.h>
| #endif
| #ifdef HAVE_STDINT_H
| # include <stdint.h>
| #endif
| #ifdef HAVE_UNISTD_H
| # include <unistd.h>
| #endif
| #include <sys/event.h>
configure:16270: result: no
configure:16270: checking sys/event.h presence
configure:16270: gcc -E  conftest.c
conftest.c:56:23: fatal error: sys/event.h: No such file or directory
 #include <sys/event.h>
                       ^
compilation terminated.
configure:16270: $? = 1
configure: failed program was:
| /* confdefs.h */
| #define PACKAGE_NAME "nutcracker"
| #define PACKAGE_TARNAME "nutcracker"
| #define PACKAGE_VERSION "0.4.1"
| #define PACKAGE_STRING "nutcracker 0.4.1"
| #define PACKAGE_BUGREPORT "manj@cs.stanford.edu"
| #define PACKAGE_URL ""
| #define PACKAGE "nutcracker"
| #define VERSION "0.4.1"
| #define NC_VERSION_MAJOR 0
| #define NC_VERSION_MINOR 4
| #define NC_VERSION_PATCH 1
| #define NC_VERSION_STRING "0.4.1"
| #define STDC_HEADERS 1
| #define HAVE_SYS_TYPES_H 1
| #define HAVE_SYS_STAT_H 1
| #define HAVE_STDLIB_H 1
| #define HAVE_STRING_H 1
| #define HAVE_MEMORY_H 1
| #define HAVE_STRINGS_H 1
| #define HAVE_INTTYPES_H 1
| #define HAVE_STDINT_H 1
| #define HAVE_UNISTD_H 1
| #define HAVE_DLFCN_H 1
| #define LT_OBJDIR ".libs/"
| #define HAVE_UNSIGNED_LONG_LONG_INT 1
| #define HAVE_LONG_LONG_INT 1
| #define HAVE_INTMAX_T 1
| #define HAVE_INTPTR_T 1
| #define HAVE_UINTMAX_T 1
| #define HAVE_UINTPTR_T 1
| #define HAVE_LITTLE_ENDIAN 1
| #define HAVE__BOOL 1
| #define HAVE_STDBOOL_H 1
| #define HAVE_FCNTL_H 1
| #define HAVE_FLOAT_H 1
| #define HAVE_LIMITS_H 1
| #define HAVE_STDDEF_H 1
| #define HAVE_STDLIB_H 1
| #define HAVE_STRING_H 1
| #define HAVE_UNISTD_H 1
| #define HAVE_INTTYPES_H 1
| #define HAVE_STDINT_H 1
| #define HAVE_SYS_IOCTL_H 1
| #define HAVE_SYS_TIME_H 1
| #define HAVE_SYS_UIO_H 1
| #define HAVE_SYS_SOCKET_H 1
| #define HAVE_SYS_UN_H 1
| #define HAVE_NETINET_IN_H 1
| #define HAVE_ARPA_INET_H 1
| #define HAVE_NETDB_H 1
| #define HAVE_EXECINFO_H 1
| #define HAVE_BACKTRACE 1
| #define HAVE_SYS_EPOLL_H 1
| /* end confdefs.h.  */
| #include <sys/event.h>
configure:16270: result: no
configure:16270: checking for sys/event.h
configure:16270: result: no
configure:16282: checking for pow in -lm
configure:16307: gcc -o conftest -g -O2   conftest.c -lm   >&5
conftest.c:63:6: warning: conflicting types for built-in function 'pow' [enabled by default]
 char pow ();
      ^
configure:16307: $? = 0
configure:16316: result: yes
configure:16327: checking for pthread_create in -lpthread
configure:16352: gcc -o conftest -g -O2   conftest.c -lpthread  -lm  >&5
configure:16352: $? = 0
configure:16361: result: yes
configure:16376: checking vfork.h usability
configure:16376: gcc -c -g -O2  conftest.c >&5
conftest.c:91:19: fatal error: vfork.h: No such file or directory
 #include <vfork.h>
                   ^
compilation terminated.
configure:16376: $? = 1
configure: failed program was:
| /* confdefs.h */
| #define PACKAGE_NAME "nutcracker"
| #define PACKAGE_TARNAME "nutcracker"
| #define PACKAGE_VERSION "0.4.1"
| #define PACKAGE_STRING "nutcracker 0.4.1"
| #define PACKAGE_BUGREPORT "manj@cs.stanford.edu"
| #define PACKAGE_URL ""
| #define PACKAGE "nutcracker"
| #define VERSION "0.4.1"
| #define NC_VERSION_MAJOR 0
| #define NC_VERSION_MINOR 4
| #define NC_VERSION_PATCH 1
| #define NC_VERSION_STRING "0.4.1"
| #define STDC_HEADERS 1
| #define HAVE_SYS_TYPES_H 1
| #define HAVE_SYS_STAT_H 1
| #define HAVE_STDLIB_H 1
| #define HAVE_STRING_H 1
| #define HAVE_MEMORY_H 1
| #define HAVE_STRINGS_H 1
| #define HAVE_INTTYPES_H 1
| #define HAVE_STDINT_H 1
| #define HAVE_UNISTD_H 1
| #define HAVE_DLFCN_H 1
| #define LT_OBJDIR ".libs/"
| #define HAVE_UNSIGNED_LONG_LONG_INT 1
| #define HAVE_LONG_LONG_INT 1
| #define HAVE_INTMAX_T 1
| #define HAVE_INTPTR_T 1
| #define HAVE_UINTMAX_T 1
| #define HAVE_UINTPTR_T 1
| #define HAVE_LITTLE_ENDIAN 1
| #define HAVE__BOOL 1
| #define HAVE_STDBOOL_H 1
| #define HAVE_FCNTL_H 1
| #define HAVE_FLOAT_H 1
| #define HAVE_LIMITS_H 1
| #define HAVE_STDDEF_H 1
| #define HAVE_STDLIB_H 1
| #define HAVE_STRING_H 1
| #define HAVE_UNISTD_H 1
| #define HAVE_INTTYPES_H 1
| #define HAVE_STDINT_H 1
| #define HAVE_SYS_IOCTL_H 1
| #define HAVE_SYS_TIME_H 1
| #define HAVE_SYS_UIO_H 1
| #define HAVE_SYS_SOCKET_H 1
| #define HAVE_SYS_UN_H 1
| #define HAVE_NETINET_IN_H 1
| #define HAVE_ARPA_INET_H 1
| #define HAVE_NETDB_H 1
| #define HAVE_EXECINFO_H 1
| #define HAVE_BACKTRACE 1
| #define HAVE_SYS_EPOLL_H 1
| #define HAVE_LIBM 1
| #define HAVE_LIBPTHREAD 1
| /* end confdefs.h.  */
| #include <stdio.h>
| #ifdef HAVE_SYS_TYPES_H
| # include <sys/types.h>
| #endif
| #ifdef HAVE_SYS_STAT_H
| # include <sys/stat.h>
| #endif
| #ifdef STDC_HEADERS
| # include <stdlib.h>
| # include <stddef.h>
| #else
| # ifdef HAVE_STDLIB_H
| #  include <stdlib.h>
| # endif
| #endif
| #ifdef HAVE_STRING_H
| # if !defined STDC_HEADERS && defined HAVE_MEMORY_H
| #  include <memory.h>
| # endif
| # include <string.h>
| #endif
| #ifdef HAVE_STRINGS_H
| # include <strings.h>
| #endif
| #ifdef HAVE_INTTYPES_H
| # include <inttypes.h>
| #endif
| #ifdef HAVE_STDINT_H
| # include <stdint.h>
| #endif
| #ifdef HAVE_UNISTD_H
| # include <unistd.h>
| #endif
| #include <vfork.h>
configure:16376: result: no
configure:16376: checking vfork.h presence
configure:16376: gcc -E  conftest.c
conftest.c:58:19: fatal error: vfork.h: No such file or directory
 #include <vfork.h>
                   ^
compilation terminated.
configure:16376: $? = 1
configure: failed program was:
| /* confdefs.h */
| #define PACKAGE_NAME "nutcracker"
| #define PACKAGE_TARNAME "nutcracker"
| #define PACKAGE_VERSION "0.4.1"
| #define PACKAGE_STRING "nutcracker 0.4.1"
| #define PACKAGE_BUGREPORT "manj@cs.stanford.edu"
| #define PACKAGE_URL ""
| #define PACKAGE "nutcracker"
| #define VERSION "0.4.1"
| #define NC_VERSION_MAJOR 0
| #define NC_VERSION_MINOR 4
| #define NC_VERSION_PATCH 1
| #define NC_VERSION_STRING "0.4.1"
| #define STDC_HEADERS 1
| #define HAVE_SYS_TYPES_H 1
| #define HAVE_SYS_STAT_H 1
| #define HAVE_STDLIB_H 1
| #define HAVE_STRING_H 1
| #define HAVE_MEMORY_H 1
| #define HAVE_STRINGS_H 1
| #define HAVE_INTTYPES_H 1
| #define HAVE_STDINT_H 1
| #define HAVE_UNISTD_H 1
| #define HAVE_DLFCN_H 1
| #define LT_OBJDIR ".libs/"
| #define HAVE_UNSIGNED_LONG_LONG_INT 1
| #define HAVE_LONG_LONG_INT 1
| #define HAVE_INTMAX_T 1
| #define HAVE_INTPTR_T 1
| #define HAVE_UINTMAX_T 1
| #define HAVE_UINTPTR_T 1
| #define HAVE_LITTLE_ENDIAN 1
| #define HAVE__BOOL 1
| #define HAVE_STDBOOL_H 1
| #define HAVE_FCNTL_H 1
| #define HAVE_FLOAT_H 1
| #define HAVE_LIMITS_H 1
| #define HAVE_STDDEF_H 1
| #define HAVE_STDLIB_H 1
| #define HAVE_STRING_H 1
| #define HAVE_UNISTD_H 1
| #define HAVE_INTTYPES_H 1
| #define HAVE_STDINT_H 1
| #define HAVE_SYS_IOCTL_H 1
| #define HAVE_SYS_TIME_H 1
| #define HAVE_SYS_UIO_H 1
| #define HAVE_SYS_SOCKET_H 1
| #define HAVE_SYS_UN_H 1
| #define HAVE_NETINET_IN_H 1
| #define HAVE_ARPA_INET_H 1
| #define HAVE_NETDB_H 1
| #define HAVE_EXECINFO_H 1
| #define HAVE_BACKTRACE 1
| #define HAVE_SYS_EPOLL_H 1
| #define HAVE_LIBM 1
| #define HAVE_LIBPTHREAD 1
| /* end confdefs.h.  */
| #include <vfork.h>
configure:16376: result: no
configure:16376: checking for vfork.h
configure:16376: result: no
configure:16389: checking for fork
configure:16389: gcc -o conftest -g -O2   conftest.c -lpthread -lm  >&5
conftest.c:81:6: warning: conflicting types for built-in function 'fork' [enabled by default]
 char fork ();
      ^
configure:16389: $? = 0
configure:16389: result: yes
configure:16389: checking for vfork
configure:16389: gcc -o conftest -g -O2   conftest.c -lpthread -lm  >&5
configure:16389: $? = 0
configure:16389: result: yes
configure:16399: checking for working fork
configure:16421: gcc -o conftest -g -O2   conftest.c -lpthread -lm  >&5
configure:16421: $? = 0
configure:16421: ./conftest
configure:16421: $? = 0
configure:16431: result: yes
configure:16452: checking for working vfork
configure:16562: result: yes
configure:16589: checking for stdlib.h
configure:16589: result: yes
configure:16599: checking for GNU libc compatible malloc
configure:16623: gcc -o conftest -g -O2   conftest.c -lpthread -lm  >&5
configure:16623: $? = 0
configure:16623: ./conftest
configure:16623: $? = 0
configure:16633: result: yes
configure:16656: checking for stdlib.h
configure:16656: result: yes
configure:16666: checking for GNU libc compatible realloc
configure:16690: gcc -o conftest -g -O2   conftest.c -lpthread -lm  >&5
configure:16690: $? = 0
configure:16690: ./conftest
configure:16690: $? = 0
configure:16700: result: yes
configure:16724: checking for dup2
configure:16724: gcc -o conftest -g -O2   conftest.c -lpthread -lm  >&5
configure:16724: $? = 0
configure:16724: result: yes
configure:16724: checking for gethostname
configure:16724: gcc -o conftest -g -O2   conftest.c -lpthread -lm  >&5
configure:16724: $? = 0
configure:16724: result: yes
configure:16724: checking for gettimeofday
configure:16724: gcc -o conftest -g -O2   conftest.c -lpthread -lm  >&5
configure:16724: $? = 0
configure:16724: result: yes
configure:16724: checking for strerror
configure:16724: gcc -o conftest -g -O2   conftest.c -lpthread -lm  >&5
configure:16724: $? = 0
configure:16724: result: yes
configure:16735: checking for socket
configure:16735: gcc -o conftest -g -O2   conftest.c -lpthread -lm  >&5
configure:16735: $? = 0
configure:16735: result: yes
configure:16747: checking for memchr
configure:16747: gcc -o conftest -g -O2   conftest.c -lpthread -lm  >&5
conftest.c:94:6: warning: conflicting types for built-in function 'memchr' [enabled by default]
 char memchr ();
      ^
configure:16747: $? = 0
configure:16747: result: yes
configure:16747: checking for memmove
configure:16747: gcc -o conftest -g -O2   conftest.c -lpthread -lm  >&5
conftest.c:95:6: warning: conflicting types for built-in function 'memmove' [enabled by default]
 char memmove ();
      ^
configure:16747: $? = 0
configure:16747: result: yes
configure:16747: checking for memset
configure:16747: gcc -o conftest -g -O2   conftest.c -lpthread -lm  >&5
conftest.c:96:6: warning: conflicting types for built-in function 'memset' [enabled by default]
 char memset ();
      ^
configure:16747: $? = 0
configure:16747: result: yes
configure:16759: checking for strchr
configure:16759: gcc -o conftest -g -O2   conftest.c -lpthread -lm  >&5
conftest.c:97:6: warning: conflicting types for built-in function 'strchr' [enabled by default]
 char strchr ();
      ^
configure:16759: $? = 0
configure:16759: result: yes
configure:16759: checking for strndup
configure:16759: gcc -o conftest -g -O2   conftest.c -lpthread -lm  >&5
conftest.c:98:6: warning: conflicting types for built-in function 'strndup' [enabled by default]
 char strndup ();
      ^
configure:16759: $? = 0
configure:16759: result: yes
configure:16759: checking for strtoul
configure:16759: gcc -o conftest -g -O2   conftest.c -lpthread -lm  >&5
configure:16759: $? = 0
configure:16759: result: yes
configure:16769: checking if epoll works
configure:16800: gcc -o conftest -g -O2   conftest.c -lpthread -lm  >&5
configure:16800: $? = 0
configure:16800: ./conftest
configure:16800: $? = 0
configure:16810: result: yes
configure:16818: checking if kqueue works
configure:16851: gcc -o conftest -g -O2   conftest.c -lpthread -lm  >&5
conftest.c:82:23: fatal error: sys/event.h: No such file or directory
 #include <sys/event.h>
                       ^
compilation terminated.
configure:16851: $? = 1
configure: program exited with status 1
configure: failed program was:
| /* confdefs.h */
| #define PACKAGE_NAME "nutcracker"
| #define PACKAGE_TARNAME "nutcracker"
| #define PACKAGE_VERSION "0.4.1"
| #define PACKAGE_STRING "nutcracker 0.4.1"
| #define PACKAGE_BUGREPORT "manj@cs.stanford.edu"
| #define PACKAGE_URL ""
| #define PACKAGE "nutcracker"
| #define VERSION "0.4.1"
| #define NC_VERSION_MAJOR 0
| #define NC_VERSION_MINOR 4
| #define NC_VERSION_PATCH 1
| #define NC_VERSION_STRING "0.4.1"
| #define STDC_HEADERS 1
| #define HAVE_SYS_TYPES_H 1
| #define HAVE_SYS_STAT_H 1
| #define HAVE_STDLIB_H 1
| #define HAVE_STRING_H 1
| #define HAVE_MEMORY_H 1
| #define HAVE_STRINGS_H 1
| #define HAVE_INTTYPES_H 1
| #define HAVE_STDINT_H 1
| #define HAVE_UNISTD_H 1
| #define HAVE_DLFCN_H 1
| #define LT_OBJDIR ".libs/"
| #define HAVE_UNSIGNED_LONG_LONG_INT 1
| #define HAVE_LONG_LONG_INT 1
| #define HAVE_INTMAX_T 1
| #define HAVE_INTPTR_T 1
| #define HAVE_UINTMAX_T 1
| #define HAVE_UINTPTR_T 1
| #define HAVE_LITTLE_ENDIAN 1
| #define HAVE__BOOL 1
| #define HAVE_STDBOOL_H 1
| #define HAVE_FCNTL_H 1
| #define HAVE_FLOAT_H 1
| #define HAVE_LIMITS_H 1
| #define HAVE_STDDEF_H 1
| #define HAVE_STDLIB_H 1
| #define HAVE_STRING_H 1
| #define HAVE_UNISTD_H 1
| #define HAVE_INTTYPES_H 1
| #define HAVE_STDINT_H 1
| #define HAVE_SYS_IOCTL_H 1
| #define HAVE_SYS_TIME_H 1
| #define HAVE_SYS_UIO_H 1
| #define HAVE_SYS_SOCKET_H 1
| #define HAVE_SYS_UN_H 1
| #define HAVE_NETINET_IN_H 1
| #define HAVE_ARPA_INET_H 1
| #define HAVE_NETDB_H 1
| #define HAVE_EXECINFO_H 1
| #define HAVE_BACKTRACE 1
| #define HAVE_SYS_EPOLL_H 1
| #define HAVE_LIBM 1
| #define HAVE_LIBPTHREAD 1
| #define HAVE_FORK 1
| #define HAVE_VFORK 1
| #define HAVE_WORKING_VFORK 1
| #define HAVE_WORKING_FORK 1
| #define HAVE_STDLIB_H 1
| #define HAVE_MALLOC 1
| #define HAVE_STDLIB_H 1
| #define HAVE_REALLOC 1
| #define HAVE_DUP2 1
| #define HAVE_GETHOSTNAME 1
| #define HAVE_GETTIMEOFDAY 1
| #define HAVE_STRERROR 1
| #define HAVE_SOCKET 1
| #define HAVE_MEMCHR 1
| #define HAVE_MEMMOVE 1
| #define HAVE_MEMSET 1
| #define HAVE_STRCHR 1
| #define HAVE_STRNDUP 1
| #define HAVE_STRTOUL 1
| #define HAVE_EPOLL 1
| /* end confdefs.h.  */
| 
| #include <stdio.h>
| #include <stdlib.h>
| #include <sys/types.h>
| #include <sys/event.h>
| #include <sys/time.h>
| int
| main(int argc, char **argv)
| {
|     int fd;
| 
|     fd = kqueue();
|     if (fd < 0) {
|         perror("kqueue:");
|         exit(1);
|     }
|     exit(0);
| }
| 
configure:16861: result: no
configure:16869: checking if event ports works
configure:16900: gcc -o conftest -g -O2   conftest.c -lpthread -lm  >&5
conftest.c:81:18: fatal error: port.h: No such file or directory
 #include <port.h>
                  ^
compilation terminated.
configure:16900: $? = 1
configure: program exited with status 1
configure: failed program was:
| /* confdefs.h */
| #define PACKAGE_NAME "nutcracker"
| #define PACKAGE_TARNAME "nutcracker"
| #define PACKAGE_VERSION "0.4.1"
| #define PACKAGE_STRING "nutcracker 0.4.1"
| #define PACKAGE_BUGREPORT "manj@cs.stanford.edu"
| #define PACKAGE_URL ""
| #define PACKAGE "nutcracker"
| #define VERSION "0.4.1"
| #define NC_VERSION_MAJOR 0
| #define NC_VERSION_MINOR 4
| #define NC_VERSION_PATCH 1
| #define NC_VERSION_STRING "0.4.1"
| #define STDC_HEADERS 1
| #define HAVE_SYS_TYPES_H 1
| #define HAVE_SYS_STAT_H 1
| #define HAVE_STDLIB_H 1
| #define HAVE_STRING_H 1
| #define HAVE_MEMORY_H 1
| #define HAVE_STRINGS_H 1
| #define HAVE_INTTYPES_H 1
| #define HAVE_STDINT_H 1
| #define HAVE_UNISTD_H 1
| #define HAVE_DLFCN_H 1
| #define LT_OBJDIR ".libs/"
| #define HAVE_UNSIGNED_LONG_LONG_INT 1
| #define HAVE_LONG_LONG_INT 1
| #define HAVE_INTMAX_T 1
| #define HAVE_INTPTR_T 1
| #define HAVE_UINTMAX_T 1
| #define HAVE_UINTPTR_T 1
| #define HAVE_LITTLE_ENDIAN 1
| #define HAVE__BOOL 1
| #define HAVE_STDBOOL_H 1
| #define HAVE_FCNTL_H 1
| #define HAVE_FLOAT_H 1
| #define HAVE_LIMITS_H 1
| #define HAVE_STDDEF_H 1
| #define HAVE_STDLIB_H 1
| #define HAVE_STRING_H 1
| #define HAVE_UNISTD_H 1
| #define HAVE_INTTYPES_H 1
| #define HAVE_STDINT_H 1
| #define HAVE_SYS_IOCTL_H 1
| #define HAVE_SYS_TIME_H 1
| #define HAVE_SYS_UIO_H 1
| #define HAVE_SYS_SOCKET_H 1
| #define HAVE_SYS_UN_H 1
| #define HAVE_NETINET_IN_H 1
| #define HAVE_ARPA_INET_H 1
| #define HAVE_NETDB_H 1
| #define HAVE_EXECINFO_H 1
| #define HAVE_BACKTRACE 1
| #define HAVE_SYS_EPOLL_H 1
| #define HAVE_LIBM 1
| #define HAVE_LIBPTHREAD 1
| #define HAVE_FORK 1
| #define HAVE_VFORK 1
| #define HAVE_WORKING_VFORK 1
| #define HAVE_WORKING_FORK 1
| #define HAVE_STDLIB_H 1
| #define HAVE_MALLOC 1
| #define HAVE_STDLIB_H 1
| #define HAVE_REALLOC 1
| #define HAVE_DUP2 1
| #define HAVE_GETHOSTNAME 1
| #define HAVE_GETTIMEOFDAY 1
| #define HAVE_STRERROR 1
| #define HAVE_SOCKET 1
| #define HAVE_MEMCHR 1
| #define HAVE_MEMMOVE 1
| #define HAVE_MEMSET 1
| #define HAVE_STRCHR 1
| #define HAVE_STRNDUP 1
| #define HAVE_STRTOUL 1
| #define HAVE_EPOLL 1
| /* end confdefs.h.  */
| 
| #include <stdio.h>
| #include <stdlib.h>
| #include <port.h>
| int
| main(int argc, char **argv)
| {
|     int fd;
| 
|     fd = port_create();
|     if (fd < 0) {
|         perror("port_create:");
|         exit(1);
|     }
|     exit(0);
| }
| 
configure:16910: result: no
configure:16958: checking whether to enable debug logs and asserts
configure:16996: result: no
configure:16999: checking whether to disable stats
configure:17015: result: no
configure:17141: checking that generated files are newer than configure
configure:17147: result: done
configure:17191: creating ./config.status

## ---------------------- ##
## Running config.status. ##
## ---------------------- ##

This file was extended by nutcracker config.status 0.4.1, which was
generated by GNU Autoconf 2.69.  Invocation command line was

  CONFIG_FILES    = 
  CONFIG_HEADERS  = 
  CONFIG_LINKS    = 
  CONFIG_COMMANDS = 
  $ ./config.status 

on master

config.status:1213: creating Makefile
config.status:1213: creating contrib/Makefile
config.status:1213: creating src/Makefile
config.status:1213: creating src/hashkit/Makefile
config.status:1213: creating src/proto/Makefile
config.status:1213: creating src/event/Makefile
config.status:1213: creating config.h
config.status:1394: config.h is unchanged
config.status:1442: executing depfiles commands
config.status:1442: executing libtool commands
configure:19751: === configuring in contrib/yaml-0.1.4 (/yangyazhou/Reading-and-comprehense-twemproxy0.4.1/contrib/yaml-0.1.4)
configure:19814: running /bin/sh ./configure --disable-option-checking '--prefix=/usr/local'  --cache-file=/dev/null --srcdir=.

## ---------------- ##
## Cache variables. ##
## ---------------- ##

ac_cv_build=x86_64-unknown-linux-gnu
ac_cv_c_bigendian=no
ac_cv_c_compiler_gnu=yes
ac_cv_c_inline=inline
ac_cv_c_int16_t=yes
ac_cv_c_int32_t=yes
ac_cv_c_int64_t=yes
ac_cv_c_int8_t=yes
ac_cv_c_uint16_t=yes
ac_cv_c_uint32_t=yes
ac_cv_c_uint64_t=yes
ac_cv_c_uint8_t=yes
ac_cv_cxx_compiler_gnu=yes
ac_cv_env_CCC_set=
ac_cv_env_CCC_value=
ac_cv_env_CC_set=
ac_cv_env_CC_value=
ac_cv_env_CFLAGS_set=
ac_cv_env_CFLAGS_value=
ac_cv_env_CPPFLAGS_set=
ac_cv_env_CPPFLAGS_value=
ac_cv_env_CPP_set=
ac_cv_env_CPP_value=
ac_cv_env_CXXCPP_set=
ac_cv_env_CXXCPP_value=
ac_cv_env_CXXFLAGS_set=
ac_cv_env_CXXFLAGS_value=
ac_cv_env_CXX_set=
ac_cv_env_CXX_value=
ac_cv_env_LDFLAGS_set=
ac_cv_env_LDFLAGS_value=
ac_cv_env_LIBS_set=
ac_cv_env_LIBS_value=
ac_cv_env_build_alias_set=
ac_cv_env_build_alias_value=
ac_cv_env_host_alias_set=
ac_cv_env_host_alias_value=
ac_cv_env_target_alias_set=
ac_cv_env_target_alias_value=
ac_cv_epoll_works=yes
ac_cv_evports_works=no
ac_cv_func_dup2=yes
ac_cv_func_fork=yes
ac_cv_func_fork_works=yes
ac_cv_func_gethostname=yes
ac_cv_func_gettimeofday=yes
ac_cv_func_malloc_0_nonnull=yes
ac_cv_func_memchr=yes
ac_cv_func_memmove=yes
ac_cv_func_memset=yes
ac_cv_func_realloc_0_nonnull=yes
ac_cv_func_socket=yes
ac_cv_func_strchr=yes
ac_cv_func_strerror=yes
ac_cv_func_strndup=yes
ac_cv_func_strtoul=yes
ac_cv_func_vfork=yes
ac_cv_func_vfork_works=yes
ac_cv_header_arpa_inet_h=yes
ac_cv_header_dlfcn_h=yes
ac_cv_header_execinfo_h=yes
ac_cv_header_fcntl_h=yes
ac_cv_header_float_h=yes
ac_cv_header_inttypes_h=yes
ac_cv_header_limits_h=yes
ac_cv_header_memory_h=yes
ac_cv_header_netdb_h=yes
ac_cv_header_netinet_in_h=yes
ac_cv_header_stdbool_h=yes
ac_cv_header_stdc=yes
ac_cv_header_stddef_h=yes
ac_cv_header_stdint_h=yes
ac_cv_header_stdlib_h=yes
ac_cv_header_string_h=yes
ac_cv_header_strings_h=yes
ac_cv_header_sys_epoll_h=yes
ac_cv_header_sys_event_h=no
ac_cv_header_sys_ioctl_h=yes
ac_cv_header_sys_socket_h=yes
ac_cv_header_sys_stat_h=yes
ac_cv_header_sys_time_h=yes
ac_cv_header_sys_types_h=yes
ac_cv_header_sys_uio_h=yes
ac_cv_header_sys_un_h=yes
ac_cv_header_unistd_h=yes
ac_cv_header_vfork_h=no
ac_cv_host=x86_64-unknown-linux-gnu
ac_cv_kqueue_works=no
ac_cv_lib_m_pow=yes
ac_cv_lib_pthread_pthread_create=yes
ac_cv_objext=o
ac_cv_path_EGREP='/usr/bin/grep -E'
ac_cv_path_FGREP='/usr/bin/grep -F'
ac_cv_path_GREP=/usr/bin/grep
ac_cv_path_SED=/usr/bin/sed
ac_cv_path_install='/usr/bin/install -c'
ac_cv_path_mkdir=/usr/bin/mkdir
ac_cv_prog_AWK=gawk
ac_cv_prog_CPP='gcc -E'
ac_cv_prog_CXXCPP='g++ -E'
ac_cv_prog_ac_ct_AR=ar
ac_cv_prog_ac_ct_CC=gcc
ac_cv_prog_ac_ct_CXX=g++
ac_cv_prog_ac_ct_OBJDUMP=objdump
ac_cv_prog_ac_ct_RANLIB=ranlib
ac_cv_prog_ac_ct_STRIP=strip
ac_cv_prog_cc_c89=
ac_cv_prog_cc_g=yes
ac_cv_prog_cxx_g=yes
ac_cv_prog_make_make_set=yes
ac_cv_type__Bool=yes
ac_cv_type_intmax_t=yes
ac_cv_type_intptr_t=yes
ac_cv_type_long_long_int=yes
ac_cv_type_off_t=yes
ac_cv_type_pid_t=yes
ac_cv_type_size_t=yes
ac_cv_type_ssize_t=yes
ac_cv_type_uintmax_t=yes
ac_cv_type_uintptr_t=yes
ac_cv_type_unsigned_long_long_int=yes
am_cv_CC_dependencies_compiler_type=gcc3
am_cv_CXX_dependencies_compiler_type=gcc3
am_cv_make_support_nested_variables=yes
lt_cv_ar_at_file=@
lt_cv_archive_cmds_need_lc=no
lt_cv_deplibs_check_method=pass_all
lt_cv_file_magic_cmd='$MAGIC_CMD'
lt_cv_file_magic_test_file=
lt_cv_ld_reload_flag=-r
lt_cv_nm_interface='BSD nm'
lt_cv_objdir=.libs
lt_cv_path_LD=/usr/bin/ld
lt_cv_path_LDCXX='/usr/bin/ld -m elf_x86_64'
lt_cv_path_NM='/usr/bin/nm -B'
lt_cv_path_mainfest_tool=no
lt_cv_prog_compiler_c_o=yes
lt_cv_prog_compiler_c_o_CXX=yes
lt_cv_prog_compiler_pic='-fPIC -DPIC'
lt_cv_prog_compiler_pic_CXX='-fPIC -DPIC'
lt_cv_prog_compiler_pic_works=yes
lt_cv_prog_compiler_pic_works_CXX=yes
lt_cv_prog_compiler_rtti_exceptions=no
lt_cv_prog_compiler_static_works=yes
lt_cv_prog_compiler_static_works_CXX=no
lt_cv_prog_gnu_ld=yes
lt_cv_prog_gnu_ldcxx=yes
lt_cv_sharedlib_from_linklib_cmd='printf %s\n'
lt_cv_shlibpath_overrides_runpath=no
lt_cv_sys_global_symbol_pipe='sed -n -e '\''s/^.*[	 ]\([ABCDGIRSTW][ABCDGIRSTW]*\)[	 ][	 ]*\([_A-Za-z][_A-Za-z0-9]*\)$/\1 \2 \2/p'\'' | sed '\''/ __gnu_lto/d'\'''
lt_cv_sys_global_symbol_to_c_name_address='sed -n -e '\''s/^: \([^ ]*\)[ ]*$/  {\"\1\", (void *) 0},/p'\'' -e '\''s/^[ABCDGIRSTW]* \([^ ]*\) \([^ ]*\)$/  {"\2", (void *) \&\2},/p'\'''
lt_cv_sys_global_symbol_to_c_name_address_lib_prefix='sed -n -e '\''s/^: \([^ ]*\)[ ]*$/  {\"\1\", (void *) 0},/p'\'' -e '\''s/^[ABCDGIRSTW]* \([^ ]*\) \(lib[^ ]*\)$/  {"\2", (void *) \&\2},/p'\'' -e '\''s/^[ABCDGIRSTW]* \([^ ]*\) \([^ ]*\)$/  {"lib\2", (void *) \&\2},/p'\'''
lt_cv_sys_global_symbol_to_cdecl='sed -n -e '\''s/^T .* \(.*\)$/extern int \1();/p'\'' -e '\''s/^[ABCDGIRSTW]* .* \(.*\)$/extern char \1;/p'\'''
lt_cv_sys_max_cmd_len=1572864
lt_cv_to_host_file_cmd=func_convert_file_noop
lt_cv_to_tool_file_cmd=func_convert_file_noop

## ----------------- ##
## Output variables. ##
## ----------------- ##

ACLOCAL='${SHELL} /yangyazhou/Reading-and-comprehense-twemproxy0.4.1/config/missing aclocal-1.13'
AMDEPBACKSLASH='\'
AMDEP_FALSE='#'
AMDEP_TRUE=''
AMTAR='$${TAR-tar}'
AM_BACKSLASH='\'
AM_DEFAULT_V='$(AM_DEFAULT_VERBOSITY)'
AM_DEFAULT_VERBOSITY='1'
AM_V='$(V)'
AR='ar'
AUTOCONF='${SHELL} /yangyazhou/Reading-and-comprehense-twemproxy0.4.1/config/missing autoconf'
AUTOHEADER='${SHELL} /yangyazhou/Reading-and-comprehense-twemproxy0.4.1/config/missing autoheader'
AUTOMAKE='${SHELL} /yangyazhou/Reading-and-comprehense-twemproxy0.4.1/config/missing automake-1.13'
AWK='gawk'
CC='gcc'
CCDEPMODE='depmode=gcc3'
CFLAGS='-g -O2'
CPP='gcc -E'
CPPFLAGS=''
CXX='g++'
CXXCPP='g++ -E'
CXXDEPMODE='depmode=gcc3'
CXXFLAGS='-g -O2'
CYGPATH_W='echo'
DEFS='-DHAVE_CONFIG_H'
DEPDIR='.deps'
DLLTOOL='false'
DSYMUTIL=''
DUMPBIN=''
ECHO_C=''
ECHO_N='-n'
ECHO_T=''
EGREP='/usr/bin/grep -E'
EXEEXT=''
FGREP='/usr/bin/grep -F'
GREP='/usr/bin/grep'
INSTALL_DATA='${INSTALL} -m 644'
INSTALL_PROGRAM='${INSTALL}'
INSTALL_SCRIPT='${INSTALL}'
INSTALL_STRIP_PROGRAM='$(install_sh) -c -s'
LD='/usr/bin/ld -m elf_x86_64'
LDFLAGS=''
LIBOBJS=''
LIBS='-lpthread -lm '
LIBTOOL='$(SHELL) $(top_builddir)/libtool'
LIPO=''
LN_S='ln -s'
LTLIBOBJS=''
MAKEINFO='${SHELL} /yangyazhou/Reading-and-comprehense-twemproxy0.4.1/config/missing makeinfo'
MANIFEST_TOOL=':'
MKDIR_P='/usr/bin/mkdir -p'
NM='/usr/bin/nm -B'
NMEDIT=''
OBJDUMP='objdump'
OBJEXT='o'
OS_BSD_FALSE=''
OS_BSD_TRUE='#'
OS_FREEBSD_FALSE=''
OS_FREEBSD_TRUE='#'
OS_LINUX_FALSE='#'
OS_LINUX_TRUE=''
OS_SOLARIS_FALSE=''
OS_SOLARIS_TRUE='#'
OTOOL64=''
OTOOL=''
PACKAGE='nutcracker'
PACKAGE_BUGREPORT='manj@cs.stanford.edu'
PACKAGE_NAME='nutcracker'
PACKAGE_STRING='nutcracker 0.4.1'
PACKAGE_TARNAME='nutcracker'
PACKAGE_URL=''
PACKAGE_VERSION='0.4.1'
PATH_SEPARATOR=':'
RANLIB='ranlib'
SED='/usr/bin/sed'
SET_MAKE=''
SHELL='/bin/sh'
STRIP='strip'
VERSION='0.4.1'
ac_ct_AR='ar'
ac_ct_CC='gcc'
ac_ct_CXX='g++'
ac_ct_DUMPBIN=''
am__EXEEXT_FALSE=''
am__EXEEXT_TRUE='#'
am__fastdepCC_FALSE='#'
am__fastdepCC_TRUE=''
am__fastdepCXX_FALSE='#'
am__fastdepCXX_TRUE=''
am__include='include'
am__isrc=''
am__leading_dot='.'
am__nodep='_no'
am__quote=''
am__tar='$${TAR-tar} chof - "$$tardir"'
am__untar='$${TAR-tar} xf -'
bindir='${exec_prefix}/bin'
build='x86_64-unknown-linux-gnu'
build_alias=''
build_cpu='x86_64'
build_os='linux-gnu'
build_vendor='unknown'
datadir='${datarootdir}'
datarootdir='${prefix}/share'
docdir='${datarootdir}/doc/${PACKAGE_TARNAME}'
dvidir='${docdir}'
exec_prefix='${prefix}'
host='x86_64-unknown-linux-gnu'
host_alias=''
host_cpu='x86_64'
host_os='linux-gnu'
host_vendor='unknown'
htmldir='${docdir}'
includedir='${prefix}/include'
infodir='${datarootdir}/info'
install_sh='${SHELL} /yangyazhou/Reading-and-comprehense-twemproxy0.4.1/config/install-sh'
libdir='${exec_prefix}/lib'
libexecdir='${exec_prefix}/libexec'
localedir='${datarootdir}/locale'
localstatedir='${prefix}/var'
mandir='${datarootdir}/man'
mkdir_p='$(MKDIR_P)'
oldincludedir='/usr/include'
pdfdir='${docdir}'
prefix='/usr/local'
program_transform_name='s,x,x,'
psdir='${docdir}'
sbindir='${exec_prefix}/sbin'
sharedstatedir='${prefix}/com'
subdirs=' contrib/yaml-0.1.4'
sysconfdir='${prefix}/etc'
target_alias=''

## ----------- ##
## confdefs.h. ##
## ----------- ##

/* confdefs.h */
#define PACKAGE_NAME "nutcracker"
#define PACKAGE_TARNAME "nutcracker"
#define PACKAGE_VERSION "0.4.1"
#define PACKAGE_STRING "nutcracker 0.4.1"
#define PACKAGE_BUGREPORT "manj@cs.stanford.edu"
#define PACKAGE_URL ""
#define PACKAGE "nutcracker"
#define VERSION "0.4.1"
#define NC_VERSION_MAJOR 0
#define NC_VERSION_MINOR 4
#define NC_VERSION_PATCH 1
#define NC_VERSION_STRING "0.4.1"
#define STDC_HEADERS 1
#define HAVE_SYS_TYPES_H 1
#define HAVE_SYS_STAT_H 1
#define HAVE_STDLIB_H 1
#define HAVE_STRING_H 1
#define HAVE_MEMORY_H 1
#define HAVE_STRINGS_H 1
#define HAVE_INTTYPES_H 1
#define HAVE_STDINT_H 1
#define HAVE_UNISTD_H 1
#define HAVE_DLFCN_H 1
#define LT_OBJDIR ".libs/"
#define HAVE_UNSIGNED_LONG_LONG_INT 1
#define HAVE_LONG_LONG_INT 1
#define HAVE_INTMAX_T 1
#define HAVE_INTPTR_T 1
#define HAVE_UINTMAX_T 1
#define HAVE_UINTPTR_T 1
#define HAVE_LITTLE_ENDIAN 1
#define HAVE__BOOL 1
#define HAVE_STDBOOL_H 1
#define HAVE_FCNTL_H 1
#define HAVE_FLOAT_H 1
#define HAVE_LIMITS_H 1
#define HAVE_STDDEF_H 1
#define HAVE_STDLIB_H 1
#define HAVE_STRING_H 1
#define HAVE_UNISTD_H 1
#define HAVE_INTTYPES_H 1
#define HAVE_STDINT_H 1
#define HAVE_SYS_IOCTL_H 1
#define HAVE_SYS_TIME_H 1
#define HAVE_SYS_UIO_H 1
#define HAVE_SYS_SOCKET_H 1
#define HAVE_SYS_UN_H 1
#define HAVE_NETINET_IN_H 1
#define HAVE_ARPA_INET_H 1
#define HAVE_NETDB_H 1
#define HAVE_EXECINFO_H 1
#define HAVE_BACKTRACE 1
#define HAVE_SYS_EPOLL_H 1
#define HAVE_LIBM 1
#define HAVE_LIBPTHREAD 1
#define HAVE_FORK 1
#define HAVE_VFORK 1
#define HAVE_WORKING_VFORK 1
#define HAVE_WORKING_FORK 1
#define HAVE_STDLIB_H 1
#define HAVE_MALLOC 1
#define HAVE_STDLIB_H 1
#define HAVE_REALLOC 1
#define HAVE_DUP2 1
#define HAVE_GETHOSTNAME 1
#define HAVE_GETTIMEOFDAY 1
#define HAVE_STRERROR 1
#define HAVE_SOCKET 1
#define HAVE_MEMCHR 1
#define HAVE_MEMMOVE 1
#define HAVE_MEMSET 1
#define HAVE_STRCHR 1
#define HAVE_STRNDUP 1
#define HAVE_STRTOUL 1
#define HAVE_EPOLL 1
#define HAVE_STATS 1

configure: exit 0
